[ 2015-09-24T09:15:41+08:00 ] 127.0.0.1 /
INFO: [ app_init ] --START--
INFO: Run Behavior\BuildLiteBehavior [ RunTime:0.000026s ]
INFO: [ app_init ] --END-- [ RunTime:0.000572s ]
INFO: [ app_begin ] --START--
INFO: Run Behavior\ReadHtmlCacheBehavior [ RunTime:0.000620s ]
INFO: [ app_begin ] --END-- [ RunTime:0.000777s ]
SQL: SHOW COLUMNS FROM `bit_sale` [ RunTime:0.0040s ]
SQL: SELECT `bsid`,`num`,`add_date`,`add_time`,`email` FROM `bit_sale` WHERE `status` = 2  [ RunTime:0.0004s ]
SQL: SHOW COLUMNS FROM `bit_buy` [ RunTime:0.0038s ]
SQL: SELECT `bsid`,`num`,`add_date`,`add_time`,`email` FROM `bit_buy` WHERE `status` = 2  [ RunTime:0.0003s ]
INFO: [ view_parse ] --START--
INFO: [ template_filter ] --START--
INFO: Run Behavior\ContentReplaceBehavior [ RunTime:0.000086s ]
INFO: [ template_filter ] --END-- [ RunTime:0.000191s ]
NOTIC: [8] Undefined index: ad_date D:\wamp\www\bitett\Coin\Runtime\Cache\Home\993116a0714d3090e5f1128a0bb075a1.php 第 98 行.
NOTIC: [8] Undefined index: ad_date D:\wamp\www\bitett\Coin\Runtime\Cache\Home\993116a0714d3090e5f1128a0bb075a1.php 第 98 行.
NOTIC: [8] Undefined index: ad_date D:\wamp\www\bitett\Coin\Runtime\Cache\Home\993116a0714d3090e5f1128a0bb075a1.php 第 98 行.
NOTIC: [8] Undefined index: ad_date D:\wamp\www\bitett\Coin\Runtime\Cache\Home\993116a0714d3090e5f1128a0bb075a1.php 第 98 行.
NOTIC: [8] Undefined index: ad_date D:\wamp\www\bitett\Coin\Runtime\Cache\Home\993116a0714d3090e5f1128a0bb075a1.php 第 98 行.
NOTIC: [8] Undefined index: ad_date D:\wamp\www\bitett\Coin\Runtime\Cache\Home\993116a0714d3090e5f1128a0bb075a1.php 第 98 行.
NOTIC: [8] Undefined index: ad_date D:\wamp\www\bitett\Coin\Runtime\Cache\Home\993116a0714d3090e5f1128a0bb075a1.php 第 98 行.
NOTIC: [8] Undefined index: ad_date D:\wamp\www\bitett\Coin\Runtime\Cache\Home\993116a0714d3090e5f1128a0bb075a1.php 第 98 行.
NOTIC: [8] Undefined index: ad_date D:\wamp\www\bitett\Coin\Runtime\Cache\Home\993116a0714d3090e5f1128a0bb075a1.php 第 98 行.
NOTIC: [8] Undefined index: ad_date D:\wamp\www\bitett\Coin\Runtime\Cache\Home\993116a0714d3090e5f1128a0bb075a1.php 第 98 行.
NOTIC: [8] Undefined index: ad_date D:\wamp\www\bitett\Coin\Runtime\Cache\Home\993116a0714d3090e5f1128a0bb075a1.php 第 98 行.
NOTIC: [8] Undefined index: ad_date D:\wamp\www\bitett\Coin\Runtime\Cache\Home\993116a0714d3090e5f1128a0bb075a1.php 第 98 行.
NOTIC: [8] Undefined index: ad_date D:\wamp\www\bitett\Coin\Runtime\Cache\Home\993116a0714d3090e5f1128a0bb075a1.php 第 98 行.
INFO: Run Behavior\ParseTemplateBehavior [ RunTime:0.014774s ]
INFO: [ view_parse ] --END-- [ RunTime:0.014873s ]
INFO: [ view_filter ] --START--
INFO: Run Behavior\WriteHtmlCacheBehavior [ RunTime:0.000395s ]
INFO: [ view_filter ] --END-- [ RunTime:0.000479s ]
INFO: [ app_end ] --START--
INFO: Run Behavior\ShowPageTraceBehavior [ RunTime:0.000631s ]
INFO: [ app_end ] --END-- [ RunTime:0.000725s ]

[ 2015-09-24T09:15:41+08:00 ] 127.0.0.1 /favicon.ico
INFO: [ app_init ] --START--
INFO: Run Behavior\BuildLiteBehavior [ RunTime:0.000104s ]
INFO: [ app_init ] --END-- [ RunTime:0.000646s ]

[ 2015-09-24T09:15:41+08:00 ] 127.0.0.1 /favicon.ico
INFO: [ app_init ] --START--
INFO: Run Behavior\BuildLiteBehavior [ RunTime:0.000029s ]
INFO: [ app_init ] --END-- [ RunTime:0.000575s ]

[ 2015-09-24T09:44:18+08:00 ] 127.0.0.1 /
INFO: [ app_init ] --START--
INFO: Run Behavior\BuildLiteBehavior [ RunTime:0.000023s ]
INFO: [ app_init ] --END-- [ RunTime:0.000514s ]
INFO: [ app_begin ] --START--
INFO: Run Behavior\ReadHtmlCacheBehavior [ RunTime:0.000701s ]
INFO: [ app_begin ] --END-- [ RunTime:0.000808s ]
SQL: SHOW COLUMNS FROM `bit_sale` [ RunTime:0.0045s ]
SQL: SELECT `bsid`,`num`,`add_date`,`add_time`,`email` FROM `bit_sale` WHERE `status` = 2  [ RunTime:0.0006s ]
SQL: SHOW COLUMNS FROM `bit_buy` [ RunTime:0.0046s ]
SQL: SELECT `bsid`,`num`,`add_date`,`add_time`,`email` FROM `bit_buy` WHERE `status` = 2  [ RunTime:0.0004s ]
INFO: [ view_parse ] --START--
INFO: [ template_filter ] --START--
INFO: Run Behavior\ContentReplaceBehavior [ RunTime:0.000079s ]
INFO: [ template_filter ] --END-- [ RunTime:0.000172s ]
NOTIC: [8] Undefined index: ad_date D:\wamp\www\bitett\Coin\Runtime\Cache\Home\993116a0714d3090e5f1128a0bb075a1.php 第 98 行.
NOTIC: [8] Undefined index: ad_date D:\wamp\www\bitett\Coin\Runtime\Cache\Home\993116a0714d3090e5f1128a0bb075a1.php 第 98 行.
NOTIC: [8] Undefined index: ad_date D:\wamp\www\bitett\Coin\Runtime\Cache\Home\993116a0714d3090e5f1128a0bb075a1.php 第 98 行.
NOTIC: [8] Undefined index: ad_date D:\wamp\www\bitett\Coin\Runtime\Cache\Home\993116a0714d3090e5f1128a0bb075a1.php 第 98 行.
NOTIC: [8] Undefined index: ad_date D:\wamp\www\bitett\Coin\Runtime\Cache\Home\993116a0714d3090e5f1128a0bb075a1.php 第 98 行.
NOTIC: [8] Undefined index: ad_date D:\wamp\www\bitett\Coin\Runtime\Cache\Home\993116a0714d3090e5f1128a0bb075a1.php 第 98 行.
NOTIC: [8] Undefined index: ad_date D:\wamp\www\bitett\Coin\Runtime\Cache\Home\993116a0714d3090e5f1128a0bb075a1.php 第 98 行.
NOTIC: [8] Undefined index: ad_date D:\wamp\www\bitett\Coin\Runtime\Cache\Home\993116a0714d3090e5f1128a0bb075a1.php 第 98 行.
NOTIC: [8] Undefined index: ad_date D:\wamp\www\bitett\Coin\Runtime\Cache\Home\993116a0714d3090e5f1128a0bb075a1.php 第 98 行.
NOTIC: [8] Undefined index: ad_date D:\wamp\www\bitett\Coin\Runtime\Cache\Home\993116a0714d3090e5f1128a0bb075a1.php 第 98 行.
NOTIC: [8] Undefined index: ad_date D:\wamp\www\bitett\Coin\Runtime\Cache\Home\993116a0714d3090e5f1128a0bb075a1.php 第 98 行.
NOTIC: [8] Undefined index: ad_date D:\wamp\www\bitett\Coin\Runtime\Cache\Home\993116a0714d3090e5f1128a0bb075a1.php 第 98 行.
NOTIC: [8] Undefined index: ad_date D:\wamp\www\bitett\Coin\Runtime\Cache\Home\993116a0714d3090e5f1128a0bb075a1.php 第 98 行.
INFO: Run Behavior\ParseTemplateBehavior [ RunTime:0.010330s ]
INFO: [ view_parse ] --END-- [ RunTime:0.010430s ]
INFO: [ view_filter ] --START--
INFO: Run Behavior\WriteHtmlCacheBehavior [ RunTime:0.000431s ]
INFO: [ view_filter ] --END-- [ RunTime:0.000525s ]
INFO: [ app_end ] --START--
INFO: Run Behavior\ShowPageTraceBehavior [ RunTime:0.000585s ]
INFO: [ app_end ] --END-- [ RunTime:0.000679s ]

[ 2015-09-24T09:44:20+08:00 ] 127.0.0.1 /Buy/index.html
INFO: [ app_init ] --START--
INFO: Run Behavior\BuildLiteBehavior [ RunTime:0.000124s ]
INFO: [ app_init ] --END-- [ RunTime:0.001007s ]
INFO: [ app_begin ] --START--
INFO: Run Behavior\ReadHtmlCacheBehavior [ RunTime:0.000531s ]
INFO: [ app_begin ] --END-- [ RunTime:0.000645s ]
INFO: [ view_parse ] --START--
INFO: [ template_filter ] --START--
INFO: Run Behavior\ContentReplaceBehavior [ RunTime:0.000084s ]
INFO: [ template_filter ] --END-- [ RunTime:0.000212s ]
INFO: Run Behavior\ParseTemplateBehavior [ RunTime:0.023888s ]
INFO: [ view_parse ] --END-- [ RunTime:0.024043s ]
INFO: [ view_filter ] --START--
INFO: Run Behavior\WriteHtmlCacheBehavior [ RunTime:0.000453s ]
INFO: [ view_filter ] --END-- [ RunTime:0.000567s ]
INFO: [ app_end ] --START--
INFO: Run Behavior\ShowPageTraceBehavior [ RunTime:0.000867s ]
INFO: [ app_end ] --END-- [ RunTime:0.001016s ]

