[ 2015-09-23T08:55:58+08:00 ] 127.0.0.1 /
INFO: [ app_init ] --START--
INFO: Run Behavior\BuildLiteBehavior [ RunTime:0.000026s ]
INFO: [ app_init ] --END-- [ RunTime:0.000588s ]
INFO: [ app_begin ] --START--
INFO: Run Behavior\ReadHtmlCacheBehavior [ RunTime:0.000596s ]
INFO: [ app_begin ] --END-- [ RunTime:0.000694s ]
INFO: [ view_parse ] --START--
INFO: Run Behavior\ParseTemplateBehavior [ RunTime:0.006884s ]
INFO: [ view_parse ] --END-- [ RunTime:0.007021s ]
INFO: [ view_filter ] --START--
INFO: Run Behavior\WriteHtmlCacheBehavior [ RunTime:0.000714s ]
INFO: [ view_filter ] --END-- [ RunTime:0.000814s ]
INFO: [ app_end ] --START--
INFO: Run Behavior\ShowPageTraceBehavior [ RunTime:0.000672s ]
INFO: [ app_end ] --END-- [ RunTime:0.000767s ]

[ 2015-09-23T08:55:59+08:00 ] 127.0.0.1 /favicon.ico
INFO: [ app_init ] --START--
INFO: Run Behavior\BuildLiteBehavior [ RunTime:0.000022s ]
INFO: [ app_init ] --END-- [ RunTime:0.000394s ]

[ 2015-09-23T08:55:59+08:00 ] 127.0.0.1 /favicon.ico
INFO: [ app_init ] --START--
INFO: Run Behavior\BuildLiteBehavior [ RunTime:0.000022s ]
INFO: [ app_init ] --END-- [ RunTime:0.000407s ]

[ 2015-09-23T08:59:23+08:00 ] 127.0.0.1 /
INFO: [ app_init ] --START--
INFO: Run Behavior\BuildLiteBehavior [ RunTime:0.000023s ]
INFO: [ app_init ] --END-- [ RunTime:0.000492s ]
INFO: [ app_begin ] --START--
INFO: Run Behavior\ReadHtmlCacheBehavior [ RunTime:0.000636s ]
INFO: [ app_begin ] --END-- [ RunTime:0.000735s ]
INFO: [ view_parse ] --START--
INFO: [ template_filter ] --START--
INFO: Run Behavior\ContentReplaceBehavior [ RunTime:0.000122s ]
INFO: [ template_filter ] --END-- [ RunTime:0.000295s ]
INFO: Run Behavior\ParseTemplateBehavior [ RunTime:0.013874s ]
INFO: [ view_parse ] --END-- [ RunTime:0.013978s ]
INFO: [ view_filter ] --START--
INFO: Run Behavior\WriteHtmlCacheBehavior [ RunTime:0.000433s ]
INFO: [ view_filter ] --END-- [ RunTime:0.000519s ]
INFO: [ app_end ] --START--
INFO: Run Behavior\ShowPageTraceBehavior [ RunTime:0.000704s ]
INFO: [ app_end ] --END-- [ RunTime:0.000793s ]

[ 2015-09-23T10:45:17+08:00 ] 127.0.0.1 /
INFO: [ app_init ] --START--
INFO: Run Behavior\BuildLiteBehavior [ RunTime:0.000073s ]
INFO: [ app_init ] --END-- [ RunTime:0.001691s ]
INFO: [ app_begin ] --START--
INFO: Run Behavior\ReadHtmlCacheBehavior [ RunTime:0.005436s ]
INFO: [ app_begin ] --END-- [ RunTime:0.005680s ]
ERR: SQLSTATE[42S02]: Base table or view not found: 1146 Table 'bitett.bit_bit_sale' doesn't exist

[ 2015-09-23T10:45:29+08:00 ] 127.0.0.1 /
INFO: [ app_init ] --START--
INFO: Run Behavior\BuildLiteBehavior [ RunTime:0.000048s ]
INFO: [ app_init ] --END-- [ RunTime:0.000746s ]
INFO: [ app_begin ] --START--
INFO: Run Behavior\ReadHtmlCacheBehavior [ RunTime:0.000691s ]
INFO: [ app_begin ] --END-- [ RunTime:0.000848s ]
SQL: SHOW COLUMNS FROM `bit_sale` [ RunTime:0.0040s ]
SQL: SELECT `bsid`,`num`,`add_date`,`add_time`,`email` FROM `bit_sale` WHERE `status` = 2  [ RunTime:0.0004s ]
SQL: SHOW COLUMNS FROM `bit_buy` [ RunTime:0.0050s ]
SQL: SELECT `bsid`,`num`,`add_date`,`add_time`,`email` FROM `bit_buy` WHERE `status` = 2  [ RunTime:0.0008s ]

[ 2015-09-23T10:47:36+08:00 ] 127.0.0.1 /
INFO: [ app_init ] --START--
INFO: Run Behavior\BuildLiteBehavior [ RunTime:0.000026s ]
INFO: [ app_init ] --END-- [ RunTime:0.000486s ]
INFO: [ app_begin ] --START--
INFO: Run Behavior\ReadHtmlCacheBehavior [ RunTime:0.000623s ]
INFO: [ app_begin ] --END-- [ RunTime:0.000729s ]
SQL: SHOW COLUMNS FROM `bit_sale` [ RunTime:0.0054s ]
SQL: SELECT `bsid`,`num`,`add_date`,`add_time`,`email` FROM `bit_sale` WHERE `status` = 2  [ RunTime:0.0004s ]
SQL: SHOW COLUMNS FROM `bit_buy` [ RunTime:0.0065s ]
SQL: SELECT `bsid`,`num`,`add_date`,`add_time`,`email` FROM `bit_buy` WHERE `status` = 2  [ RunTime:0.0004s ]

[ 2015-09-23T11:06:04+08:00 ] 127.0.0.1 /
INFO: [ app_init ] --START--
INFO: Run Behavior\BuildLiteBehavior [ RunTime:0.000026s ]
INFO: [ app_init ] --END-- [ RunTime:0.000525s ]
INFO: [ app_begin ] --START--
INFO: Run Behavior\ReadHtmlCacheBehavior [ RunTime:0.001727s ]
INFO: [ app_begin ] --END-- [ RunTime:0.001897s ]
SQL: SHOW COLUMNS FROM `bit_sale` [ RunTime:0.0046s ]
SQL: SELECT `bsid`,`num`,`add_date`,`add_time`,`email` FROM `bit_sale` WHERE `status` = 2  [ RunTime:0.0005s ]
SQL: SHOW COLUMNS FROM `bit_buy` [ RunTime:0.0047s ]
SQL: SELECT `bsid`,`num`,`add_date`,`add_time`,`email` FROM `bit_buy` WHERE `status` = 2  [ RunTime:0.0004s ]

[ 2015-09-23T11:06:10+08:00 ] 127.0.0.1 /
INFO: [ app_init ] --START--
INFO: Run Behavior\BuildLiteBehavior [ RunTime:0.000023s ]
INFO: [ app_init ] --END-- [ RunTime:0.000404s ]
INFO: [ app_begin ] --START--
INFO: Run Behavior\ReadHtmlCacheBehavior [ RunTime:0.000472s ]
INFO: [ app_begin ] --END-- [ RunTime:0.000563s ]
SQL: SHOW COLUMNS FROM `bit_sale` [ RunTime:0.0044s ]
SQL: SELECT `bsid`,`num`,`add_date`,`add_time`,`email` FROM `bit_sale` WHERE `status` = 2  [ RunTime:0.0003s ]
SQL: SHOW COLUMNS FROM `bit_buy` [ RunTime:0.0036s ]
SQL: SELECT `bsid`,`num`,`add_date`,`add_time`,`email` FROM `bit_buy` WHERE `status` = 2  [ RunTime:0.0003s ]

[ 2015-09-23T11:06:23+08:00 ] 127.0.0.1 /
INFO: [ app_init ] --START--
INFO: Run Behavior\BuildLiteBehavior [ RunTime:0.000025s ]
INFO: [ app_init ] --END-- [ RunTime:0.000435s ]
INFO: [ app_begin ] --START--
INFO: Run Behavior\ReadHtmlCacheBehavior [ RunTime:0.000515s ]
INFO: [ app_begin ] --END-- [ RunTime:0.000616s ]
SQL: SHOW COLUMNS FROM `bit_sale` [ RunTime:0.0039s ]
SQL: SELECT `bsid`,`num`,`add_date`,`add_time`,`email` FROM `bit_sale` WHERE `status` = 2  [ RunTime:0.0005s ]
SQL: SHOW COLUMNS FROM `bit_buy` [ RunTime:0.0037s ]
SQL: SELECT `bsid`,`num`,`add_date`,`add_time`,`email` FROM `bit_buy` WHERE `status` = 2  [ RunTime:0.0003s ]

[ 2015-09-23T11:06:24+08:00 ] 127.0.0.1 /
INFO: [ app_init ] --START--
INFO: Run Behavior\BuildLiteBehavior [ RunTime:0.000029s ]
INFO: [ app_init ] --END-- [ RunTime:0.000867s ]
INFO: [ app_begin ] --START--
INFO: Run Behavior\ReadHtmlCacheBehavior [ RunTime:0.000917s ]
INFO: [ app_begin ] --END-- [ RunTime:0.001102s ]
SQL: SHOW COLUMNS FROM `bit_sale` [ RunTime:0.0041s ]
SQL: SELECT `bsid`,`num`,`add_date`,`add_time`,`email` FROM `bit_sale` WHERE `status` = 2  [ RunTime:0.0003s ]
SQL: SHOW COLUMNS FROM `bit_buy` [ RunTime:0.0042s ]
SQL: SELECT `bsid`,`num`,`add_date`,`add_time`,`email` FROM `bit_buy` WHERE `status` = 2  [ RunTime:0.0003s ]

[ 2015-09-23T11:08:38+08:00 ] 127.0.0.1 /
INFO: [ app_init ] --START--
INFO: Run Behavior\BuildLiteBehavior [ RunTime:0.000027s ]
INFO: [ app_init ] --END-- [ RunTime:0.000480s ]
INFO: [ app_begin ] --START--
INFO: Run Behavior\ReadHtmlCacheBehavior [ RunTime:0.001174s ]
INFO: [ app_begin ] --END-- [ RunTime:0.002401s ]
SQL: SHOW COLUMNS FROM `bit_sale` [ RunTime:0.0085s ]
SQL: SELECT `bsid`,`num`,`add_date`,`add_time`,`email` FROM `bit_sale` WHERE `status` = 2  [ RunTime:0.0006s ]
SQL: SHOW COLUMNS FROM `bit_buy` [ RunTime:0.0135s ]
SQL: SELECT `bsid`,`num`,`add_date`,`add_time`,`email` FROM `bit_buy` WHERE `status` = 2  [ RunTime:0.0004s ]

[ 2015-09-23T11:09:06+08:00 ] 127.0.0.1 /
INFO: [ app_init ] --START--
INFO: Run Behavior\BuildLiteBehavior [ RunTime:0.000025s ]
INFO: [ app_init ] --END-- [ RunTime:0.000449s ]
INFO: [ app_begin ] --START--
INFO: Run Behavior\ReadHtmlCacheBehavior [ RunTime:0.001038s ]
INFO: [ app_begin ] --END-- [ RunTime:0.001179s ]
SQL: SHOW COLUMNS FROM `bit_sale` [ RunTime:0.0090s ]
SQL: SELECT `bsid`,`num`,`add_date`,`add_time`,`email` FROM `bit_sale` WHERE `status` = 2  [ RunTime:0.0008s ]
SQL: SHOW COLUMNS FROM `bit_buy` [ RunTime:0.0046s ]
SQL: SELECT `bsid`,`num`,`add_date`,`add_time`,`email` FROM `bit_buy` WHERE `status` = 2  [ RunTime:0.0003s ]

[ 2015-09-23T11:09:26+08:00 ] 127.0.0.1 /
INFO: [ app_init ] --START--
INFO: Run Behavior\BuildLiteBehavior [ RunTime:0.000036s ]
INFO: [ app_init ] --END-- [ RunTime:0.000607s ]
INFO: [ app_begin ] --START--
INFO: Run Behavior\ReadHtmlCacheBehavior [ RunTime:0.000660s ]
INFO: [ app_begin ] --END-- [ RunTime:0.000774s ]
SQL: SHOW COLUMNS FROM `bit_sale` [ RunTime:0.0077s ]
SQL: SELECT `bsid`,`num`,`add_date`,`add_time`,`email` FROM `bit_sale` WHERE `status` = 2  [ RunTime:0.0054s ]
SQL: SHOW COLUMNS FROM `bit_buy` [ RunTime:0.0053s ]
SQL: SELECT `bsid`,`num`,`add_date`,`add_time`,`email` FROM `bit_buy` WHERE `status` = 2  [ RunTime:0.0004s ]

[ 2015-09-23T14:13:56+08:00 ] 127.0.0.1 /
INFO: [ app_init ] --START--
INFO: Run Behavior\BuildLiteBehavior [ RunTime:0.000029s ]
INFO: [ app_init ] --END-- [ RunTime:0.000929s ]
INFO: [ app_begin ] --START--
INFO: Run Behavior\ReadHtmlCacheBehavior [ RunTime:0.001056s ]
INFO: [ app_begin ] --END-- [ RunTime:0.001233s ]
SQL: SHOW COLUMNS FROM `bit_sale` [ RunTime:0.0056s ]
SQL: SELECT `bsid`,`num`,`add_date`,`add_time`,`email` FROM `bit_sale` WHERE `status` = 2  [ RunTime:0.0004s ]
SQL: SHOW COLUMNS FROM `bit_buy` [ RunTime:0.0037s ]
SQL: SELECT `bsid`,`num`,`add_date`,`add_time`,`email` FROM `bit_buy` WHERE `status` = 2  [ RunTime:0.0003s ]
INFO: [ view_parse ] --START--
INFO: [ template_filter ] --START--
INFO: Run Behavior\ContentReplaceBehavior [ RunTime:0.000088s ]
INFO: [ template_filter ] --END-- [ RunTime:0.000195s ]

[ 2015-09-23T14:15:10+08:00 ] 127.0.0.1 /
INFO: [ app_init ] --START--
INFO: Run Behavior\BuildLiteBehavior [ RunTime:0.000023s ]
INFO: [ app_init ] --END-- [ RunTime:0.000451s ]
INFO: [ app_begin ] --START--
INFO: Run Behavior\ReadHtmlCacheBehavior [ RunTime:0.000624s ]
INFO: [ app_begin ] --END-- [ RunTime:0.000726s ]
SQL: SHOW COLUMNS FROM `bit_sale` [ RunTime:0.0053s ]
SQL: SELECT `bsid`,`num`,`add_date`,`add_time`,`email` FROM `bit_sale` WHERE `status` = 2  [ RunTime:0.0004s ]
SQL: SHOW COLUMNS FROM `bit_buy` [ RunTime:0.0038s ]
SQL: SELECT `bsid`,`num`,`add_date`,`add_time`,`email` FROM `bit_buy` WHERE `status` = 2  [ RunTime:0.0003s ]
INFO: [ view_parse ] --START--
INFO: [ template_filter ] --START--
INFO: Run Behavior\ContentReplaceBehavior [ RunTime:0.000096s ]
INFO: [ template_filter ] --END-- [ RunTime:0.000221s ]

[ 2015-09-23T14:15:11+08:00 ] 127.0.0.1 /
INFO: [ app_init ] --START--
INFO: Run Behavior\BuildLiteBehavior [ RunTime:0.000021s ]
INFO: [ app_init ] --END-- [ RunTime:0.000390s ]
INFO: [ app_begin ] --START--
INFO: Run Behavior\ReadHtmlCacheBehavior [ RunTime:0.000627s ]
INFO: [ app_begin ] --END-- [ RunTime:0.000725s ]
SQL: SHOW COLUMNS FROM `bit_sale` [ RunTime:0.0046s ]
SQL: SELECT `bsid`,`num`,`add_date`,`add_time`,`email` FROM `bit_sale` WHERE `status` = 2  [ RunTime:0.0005s ]
SQL: SHOW COLUMNS FROM `bit_buy` [ RunTime:0.0058s ]
SQL: SELECT `bsid`,`num`,`add_date`,`add_time`,`email` FROM `bit_buy` WHERE `status` = 2  [ RunTime:0.0013s ]
INFO: [ view_parse ] --START--
INFO: [ template_filter ] --START--
INFO: Run Behavior\ContentReplaceBehavior [ RunTime:0.000229s ]
INFO: [ template_filter ] --END-- [ RunTime:0.000397s ]

[ 2015-09-23T14:18:28+08:00 ] 127.0.0.1 /
INFO: [ app_init ] --START--
INFO: Run Behavior\BuildLiteBehavior [ RunTime:0.000023s ]
INFO: [ app_init ] --END-- [ RunTime:0.000472s ]
INFO: [ app_begin ] --START--
INFO: Run Behavior\ReadHtmlCacheBehavior [ RunTime:0.000589s ]
INFO: [ app_begin ] --END-- [ RunTime:0.000688s ]
SQL: SHOW COLUMNS FROM `bit_sale` [ RunTime:0.0054s ]
SQL: SELECT `bsid`,`num`,`add_date`,`add_time`,`email` FROM `bit_sale` WHERE `status` = 2  [ RunTime:0.0006s ]
SQL: SHOW COLUMNS FROM `bit_buy` [ RunTime:0.0052s ]
SQL: SELECT `bsid`,`num`,`add_date`,`add_time`,`email` FROM `bit_buy` WHERE `status` = 2  [ RunTime:0.0003s ]
INFO: [ view_parse ] --START--
INFO: [ template_filter ] --START--
INFO: Run Behavior\ContentReplaceBehavior [ RunTime:0.000096s ]
INFO: [ template_filter ] --END-- [ RunTime:0.000223s ]
NOTIC: [8] Undefined index: ad_date D:\wamp\www\bitett\Coin\Runtime\Cache\Home\993116a0714d3090e5f1128a0bb075a1.php 第 98 行.
NOTIC: [8] Undefined index: ad_date D:\wamp\www\bitett\Coin\Runtime\Cache\Home\993116a0714d3090e5f1128a0bb075a1.php 第 98 行.
NOTIC: [8] Undefined index: ad_date D:\wamp\www\bitett\Coin\Runtime\Cache\Home\993116a0714d3090e5f1128a0bb075a1.php 第 98 行.
NOTIC: [8] Undefined index: ad_date D:\wamp\www\bitett\Coin\Runtime\Cache\Home\993116a0714d3090e5f1128a0bb075a1.php 第 98 行.
INFO: Run Behavior\ParseTemplateBehavior [ RunTime:0.009980s ]
INFO: [ view_parse ] --END-- [ RunTime:0.010090s ]
INFO: [ view_filter ] --START--
INFO: Run Behavior\WriteHtmlCacheBehavior [ RunTime:0.000349s ]
INFO: [ view_filter ] --END-- [ RunTime:0.000435s ]
INFO: [ app_end ] --START--
INFO: Run Behavior\ShowPageTraceBehavior [ RunTime:0.000571s ]
INFO: [ app_end ] --END-- [ RunTime:0.000660s ]

[ 2015-09-23T14:18:37+08:00 ] 127.0.0.1 /
INFO: [ app_init ] --START--
INFO: Run Behavior\BuildLiteBehavior [ RunTime:0.000049s ]
INFO: [ app_init ] --END-- [ RunTime:0.002015s ]
INFO: [ app_begin ] --START--
INFO: Run Behavior\ReadHtmlCacheBehavior [ RunTime:0.000655s ]
INFO: [ app_begin ] --END-- [ RunTime:0.000775s ]
SQL: SHOW COLUMNS FROM `bit_sale` [ RunTime:0.0043s ]
SQL: SELECT `bsid`,`num`,`add_date`,`add_time`,`email` FROM `bit_sale` WHERE `status` = 2  [ RunTime:0.0004s ]
SQL: SHOW COLUMNS FROM `bit_buy` [ RunTime:0.0038s ]
SQL: SELECT `bsid`,`num`,`add_date`,`add_time`,`email` FROM `bit_buy` WHERE `status` = 2  [ RunTime:0.0005s ]
INFO: [ view_parse ] --START--
INFO: [ template_filter ] --START--
INFO: Run Behavior\ContentReplaceBehavior [ RunTime:0.000124s ]
INFO: [ template_filter ] --END-- [ RunTime:0.000234s ]

[ 2015-09-23T14:19:01+08:00 ] 127.0.0.1 /
INFO: [ app_init ] --START--
INFO: Run Behavior\BuildLiteBehavior [ RunTime:0.000025s ]
INFO: [ app_init ] --END-- [ RunTime:0.000643s ]
INFO: [ app_begin ] --START--
INFO: Run Behavior\ReadHtmlCacheBehavior [ RunTime:0.000507s ]
INFO: [ app_begin ] --END-- [ RunTime:0.000610s ]
SQL: SHOW COLUMNS FROM `bit_sale` [ RunTime:0.0071s ]
SQL: SELECT `bsid`,`num`,`add_date`,`add_time`,`email` FROM `bit_sale` WHERE `status` = 2  [ RunTime:0.0004s ]
SQL: SHOW COLUMNS FROM `bit_buy` [ RunTime:0.0046s ]
SQL: SELECT `bsid`,`num`,`add_date`,`add_time`,`email` FROM `bit_buy` WHERE `status` = 2  [ RunTime:0.0008s ]
INFO: [ view_parse ] --START--
INFO: [ template_filter ] --START--
INFO: Run Behavior\ContentReplaceBehavior [ RunTime:0.000089s ]
INFO: [ template_filter ] --END-- [ RunTime:0.000199s ]
NOTIC: [8] Undefined index: ad_date D:\wamp\www\bitett\Coin\Runtime\Cache\Home\993116a0714d3090e5f1128a0bb075a1.php 第 98 行.
NOTIC: [8] Undefined index: ad_date D:\wamp\www\bitett\Coin\Runtime\Cache\Home\993116a0714d3090e5f1128a0bb075a1.php 第 98 行.
NOTIC: [8] Undefined index: ad_date D:\wamp\www\bitett\Coin\Runtime\Cache\Home\993116a0714d3090e5f1128a0bb075a1.php 第 98 行.
NOTIC: [8] Undefined index: ad_date D:\wamp\www\bitett\Coin\Runtime\Cache\Home\993116a0714d3090e5f1128a0bb075a1.php 第 98 行.
INFO: Run Behavior\ParseTemplateBehavior [ RunTime:0.010002s ]
INFO: [ view_parse ] --END-- [ RunTime:0.010112s ]
INFO: [ view_filter ] --START--
INFO: Run Behavior\WriteHtmlCacheBehavior [ RunTime:0.000421s ]
INFO: [ view_filter ] --END-- [ RunTime:0.000518s ]
INFO: [ app_end ] --START--
INFO: Run Behavior\ShowPageTraceBehavior [ RunTime:0.000560s ]
INFO: [ app_end ] --END-- [ RunTime:0.000660s ]

[ 2015-09-23T14:19:54+08:00 ] 127.0.0.1 /
INFO: [ app_init ] --START--
INFO: Run Behavior\BuildLiteBehavior [ RunTime:0.000024s ]
INFO: [ app_init ] --END-- [ RunTime:0.000443s ]
INFO: [ app_begin ] --START--
INFO: Run Behavior\ReadHtmlCacheBehavior [ RunTime:0.001205s ]
INFO: [ app_begin ] --END-- [ RunTime:0.001323s ]
SQL: SHOW COLUMNS FROM `bit_sale` [ RunTime:0.0042s ]
SQL: SELECT `bsid`,`num`,`add_date`,`add_time`,`email` FROM `bit_sale` WHERE `status` = 2  [ RunTime:0.0005s ]
SQL: SHOW COLUMNS FROM `bit_buy` [ RunTime:0.0037s ]
SQL: SELECT `bsid`,`num`,`add_date`,`add_time`,`email` FROM `bit_buy` WHERE `status` = 2  [ RunTime:0.0005s ]
INFO: [ view_parse ] --START--
INFO: [ template_filter ] --START--
INFO: Run Behavior\ContentReplaceBehavior [ RunTime:0.000162s ]
INFO: [ template_filter ] --END-- [ RunTime:0.000340s ]
NOTIC: [8] Undefined index: ad_date D:\wamp\www\bitett\Coin\Runtime\Cache\Home\993116a0714d3090e5f1128a0bb075a1.php 第 98 行.
NOTIC: [8] Undefined index: ad_date D:\wamp\www\bitett\Coin\Runtime\Cache\Home\993116a0714d3090e5f1128a0bb075a1.php 第 98 行.
NOTIC: [8] Undefined index: ad_date D:\wamp\www\bitett\Coin\Runtime\Cache\Home\993116a0714d3090e5f1128a0bb075a1.php 第 98 行.
NOTIC: [8] Undefined index: ad_date D:\wamp\www\bitett\Coin\Runtime\Cache\Home\993116a0714d3090e5f1128a0bb075a1.php 第 98 行.
INFO: Run Behavior\ParseTemplateBehavior [ RunTime:0.017028s ]
INFO: [ view_parse ] --END-- [ RunTime:0.017197s ]
INFO: [ view_filter ] --START--
INFO: Run Behavior\WriteHtmlCacheBehavior [ RunTime:0.000310s ]
INFO: [ view_filter ] --END-- [ RunTime:0.000396s ]
INFO: [ app_end ] --START--
INFO: Run Behavior\ShowPageTraceBehavior [ RunTime:0.000883s ]
INFO: [ app_end ] --END-- [ RunTime:0.001023s ]

[ 2015-09-23T14:20:11+08:00 ] 127.0.0.1 /
INFO: [ app_init ] --START--
INFO: Run Behavior\BuildLiteBehavior [ RunTime:0.000023s ]
INFO: [ app_init ] --END-- [ RunTime:0.000503s ]
INFO: [ app_begin ] --START--
INFO: Run Behavior\ReadHtmlCacheBehavior [ RunTime:0.003930s ]
INFO: [ app_begin ] --END-- [ RunTime:0.004068s ]
SQL: SHOW COLUMNS FROM `bit_sale` [ RunTime:0.0050s ]
SQL: SELECT `bsid`,`num`,`add_date`,`add_time`,`email` FROM `bit_sale` WHERE `status` = 2  [ RunTime:0.0004s ]
SQL: SHOW COLUMNS FROM `bit_buy` [ RunTime:0.0059s ]
SQL: SELECT `bsid`,`num`,`add_date`,`add_time`,`email` FROM `bit_buy` WHERE `status` = 2  [ RunTime:0.0013s ]
INFO: [ view_parse ] --START--
INFO: [ template_filter ] --START--
INFO: Run Behavior\ContentReplaceBehavior [ RunTime:0.000089s ]
INFO: [ template_filter ] --END-- [ RunTime:0.000204s ]
NOTIC: [8] Undefined index: ad_date D:\wamp\www\bitett\Coin\Runtime\Cache\Home\993116a0714d3090e5f1128a0bb075a1.php 第 98 行.
NOTIC: [8] Undefined index: ad_date D:\wamp\www\bitett\Coin\Runtime\Cache\Home\993116a0714d3090e5f1128a0bb075a1.php 第 98 行.
NOTIC: [8] Undefined index: ad_date D:\wamp\www\bitett\Coin\Runtime\Cache\Home\993116a0714d3090e5f1128a0bb075a1.php 第 98 行.
NOTIC: [8] Undefined index: ad_date D:\wamp\www\bitett\Coin\Runtime\Cache\Home\993116a0714d3090e5f1128a0bb075a1.php 第 98 行.
INFO: Run Behavior\ParseTemplateBehavior [ RunTime:0.012191s ]
INFO: [ view_parse ] --END-- [ RunTime:0.012347s ]
INFO: [ view_filter ] --START--
INFO: Run Behavior\WriteHtmlCacheBehavior [ RunTime:0.005233s ]
INFO: [ view_filter ] --END-- [ RunTime:0.005381s ]
INFO: [ app_end ] --START--
INFO: Run Behavior\ShowPageTraceBehavior [ RunTime:0.007615s ]
INFO: [ app_end ] --END-- [ RunTime:0.007760s ]

[ 2015-09-23T14:20:15+08:00 ] 127.0.0.1 /
INFO: [ app_init ] --START--
INFO: Run Behavior\BuildLiteBehavior [ RunTime:0.000023s ]
INFO: [ app_init ] --END-- [ RunTime:0.000733s ]
INFO: [ app_begin ] --START--
INFO: Run Behavior\ReadHtmlCacheBehavior [ RunTime:0.000785s ]
INFO: [ app_begin ] --END-- [ RunTime:0.000920s ]
SQL: SHOW COLUMNS FROM `bit_sale` [ RunTime:0.0042s ]
SQL: SELECT `bsid`,`num`,`add_date`,`add_time`,`email` FROM `bit_sale` WHERE `status` = 2  [ RunTime:0.0004s ]
SQL: SHOW COLUMNS FROM `bit_buy` [ RunTime:0.0037s ]
SQL: SELECT `bsid`,`num`,`add_date`,`add_time`,`email` FROM `bit_buy` WHERE `status` = 2  [ RunTime:0.0004s ]
INFO: [ view_parse ] --START--
INFO: [ template_filter ] --START--
INFO: Run Behavior\ContentReplaceBehavior [ RunTime:0.000120s ]
INFO: [ template_filter ] --END-- [ RunTime:0.000295s ]
NOTIC: [8] Undefined index: ad_date D:\wamp\www\bitett\Coin\Runtime\Cache\Home\993116a0714d3090e5f1128a0bb075a1.php 第 98 行.
NOTIC: [8] Undefined index: ad_date D:\wamp\www\bitett\Coin\Runtime\Cache\Home\993116a0714d3090e5f1128a0bb075a1.php 第 98 行.
NOTIC: [8] Undefined index: ad_date D:\wamp\www\bitett\Coin\Runtime\Cache\Home\993116a0714d3090e5f1128a0bb075a1.php 第 98 行.
NOTIC: [8] Undefined index: ad_date D:\wamp\www\bitett\Coin\Runtime\Cache\Home\993116a0714d3090e5f1128a0bb075a1.php 第 98 行.
INFO: Run Behavior\ParseTemplateBehavior [ RunTime:0.017162s ]
INFO: [ view_parse ] --END-- [ RunTime:0.017335s ]
INFO: [ view_filter ] --START--
INFO: Run Behavior\WriteHtmlCacheBehavior [ RunTime:0.000297s ]
INFO: [ view_filter ] --END-- [ RunTime:0.000377s ]
INFO: [ app_end ] --START--
INFO: Run Behavior\ShowPageTraceBehavior [ RunTime:0.000868s ]
INFO: [ app_end ] --END-- [ RunTime:0.000992s ]

[ 2015-09-23T14:22:49+08:00 ] 127.0.0.1 /
INFO: [ app_init ] --START--
INFO: Run Behavior\BuildLiteBehavior [ RunTime:0.000024s ]
INFO: [ app_init ] --END-- [ RunTime:0.000550s ]
INFO: [ app_begin ] --START--
INFO: Run Behavior\ReadHtmlCacheBehavior [ RunTime:0.001490s ]
INFO: [ app_begin ] --END-- [ RunTime:0.001596s ]
SQL: SHOW COLUMNS FROM `bit_sale` [ RunTime:0.0204s ]
SQL: SELECT `bsid`,`num`,`add_date`,`add_time`,`email` FROM `bit_sale` WHERE `status` = 2  [ RunTime:0.0010s ]
SQL: SHOW COLUMNS FROM `bit_buy` [ RunTime:0.0044s ]
SQL: SELECT `bsid`,`num`,`add_date`,`add_time`,`email` FROM `bit_buy` WHERE `status` = 2  [ RunTime:0.0004s ]
INFO: [ view_parse ] --START--
INFO: [ template_filter ] --START--
INFO: Run Behavior\ContentReplaceBehavior [ RunTime:0.000088s ]
INFO: [ template_filter ] --END-- [ RunTime:0.000202s ]
NOTIC: [8] Undefined index: ad_date D:\wamp\www\bitett\Coin\Runtime\Cache\Home\993116a0714d3090e5f1128a0bb075a1.php 第 98 行.
NOTIC: [8] Undefined index: ad_date D:\wamp\www\bitett\Coin\Runtime\Cache\Home\993116a0714d3090e5f1128a0bb075a1.php 第 98 行.
NOTIC: [8] Undefined index: ad_date D:\wamp\www\bitett\Coin\Runtime\Cache\Home\993116a0714d3090e5f1128a0bb075a1.php 第 98 行.
NOTIC: [8] Undefined index: ad_date D:\wamp\www\bitett\Coin\Runtime\Cache\Home\993116a0714d3090e5f1128a0bb075a1.php 第 98 行.
INFO: Run Behavior\ParseTemplateBehavior [ RunTime:0.016715s ]
INFO: [ view_parse ] --END-- [ RunTime:0.016852s ]
INFO: [ view_filter ] --START--
INFO: Run Behavior\WriteHtmlCacheBehavior [ RunTime:0.000365s ]
INFO: [ view_filter ] --END-- [ RunTime:0.000446s ]
INFO: [ app_end ] --START--
INFO: Run Behavior\ShowPageTraceBehavior [ RunTime:0.000846s ]
INFO: [ app_end ] --END-- [ RunTime:0.000943s ]

[ 2015-09-23T14:25:26+08:00 ] 127.0.0.1 /
INFO: [ app_init ] --START--
INFO: Run Behavior\BuildLiteBehavior [ RunTime:0.000037s ]
INFO: [ app_init ] --END-- [ RunTime:0.000745s ]
INFO: [ app_begin ] --START--
INFO: Run Behavior\ReadHtmlCacheBehavior [ RunTime:0.010889s ]
INFO: [ app_begin ] --END-- [ RunTime:0.011083s ]
SQL: SHOW COLUMNS FROM `bit_sale` [ RunTime:0.0073s ]
SQL: SELECT `bsid`,`num`,`add_date`,`add_time`,`email` FROM `bit_sale` WHERE `status` = 2  [ RunTime:0.0009s ]
SQL: SHOW COLUMNS FROM `bit_buy` [ RunTime:0.0128s ]
SQL: SELECT `bsid`,`num`,`add_date`,`add_time`,`email` FROM `bit_buy` WHERE `status` = 2  [ RunTime:0.0011s ]
INFO: [ view_parse ] --START--
INFO: [ template_filter ] --START--
INFO: Run Behavior\ContentReplaceBehavior [ RunTime:0.000121s ]
INFO: [ template_filter ] --END-- [ RunTime:0.000293s ]
NOTIC: [8] Undefined index: ad_date D:\wamp\www\bitett\Coin\Runtime\Cache\Home\993116a0714d3090e5f1128a0bb075a1.php 第 98 行.
NOTIC: [8] Undefined index: ad_date D:\wamp\www\bitett\Coin\Runtime\Cache\Home\993116a0714d3090e5f1128a0bb075a1.php 第 98 行.
NOTIC: [8] Undefined index: ad_date D:\wamp\www\bitett\Coin\Runtime\Cache\Home\993116a0714d3090e5f1128a0bb075a1.php 第 98 行.
NOTIC: [8] Undefined index: ad_date D:\wamp\www\bitett\Coin\Runtime\Cache\Home\993116a0714d3090e5f1128a0bb075a1.php 第 98 行.
INFO: Run Behavior\ParseTemplateBehavior [ RunTime:0.013263s ]
INFO: [ view_parse ] --END-- [ RunTime:0.013414s ]
INFO: [ view_filter ] --START--
INFO: Run Behavior\WriteHtmlCacheBehavior [ RunTime:0.000511s ]
INFO: [ view_filter ] --END-- [ RunTime:0.000616s ]
INFO: [ app_end ] --START--
INFO: Run Behavior\ShowPageTraceBehavior [ RunTime:0.000960s ]
INFO: [ app_end ] --END-- [ RunTime:0.001136s ]

[ 2015-09-23T14:25:43+08:00 ] 127.0.0.1 /
INFO: [ app_init ] --START--
INFO: Run Behavior\BuildLiteBehavior [ RunTime:0.000024s ]
INFO: [ app_init ] --END-- [ RunTime:0.000584s ]
INFO: [ app_begin ] --START--
INFO: Run Behavior\ReadHtmlCacheBehavior [ RunTime:0.001257s ]
INFO: [ app_begin ] --END-- [ RunTime:0.001429s ]
SQL: SHOW COLUMNS FROM `bit_sale` [ RunTime:0.0044s ]
SQL: SELECT `bsid`,`num`,`add_date`,`add_time`,`email` FROM `bit_sale` WHERE `status` = 2  [ RunTime:0.0004s ]
SQL: SHOW COLUMNS FROM `bit_buy` [ RunTime:0.0038s ]
SQL: SELECT `bsid`,`num`,`add_date`,`add_time`,`email` FROM `bit_buy` WHERE `status` = 2  [ RunTime:0.0004s ]
INFO: [ view_parse ] --START--
INFO: [ template_filter ] --START--
INFO: Run Behavior\ContentReplaceBehavior [ RunTime:0.000122s ]
INFO: [ template_filter ] --END-- [ RunTime:0.000301s ]
NOTIC: [8] Undefined index: ad_date D:\wamp\www\bitett\Coin\Runtime\Cache\Home\993116a0714d3090e5f1128a0bb075a1.php 第 98 行.
NOTIC: [8] Undefined index: ad_date D:\wamp\www\bitett\Coin\Runtime\Cache\Home\993116a0714d3090e5f1128a0bb075a1.php 第 98 行.
NOTIC: [8] Undefined index: ad_date D:\wamp\www\bitett\Coin\Runtime\Cache\Home\993116a0714d3090e5f1128a0bb075a1.php 第 98 行.
NOTIC: [8] Undefined index: ad_date D:\wamp\www\bitett\Coin\Runtime\Cache\Home\993116a0714d3090e5f1128a0bb075a1.php 第 98 行.
INFO: Run Behavior\ParseTemplateBehavior [ RunTime:0.026243s ]
INFO: [ view_parse ] --END-- [ RunTime:0.026423s ]
INFO: [ view_filter ] --START--
INFO: Run Behavior\WriteHtmlCacheBehavior [ RunTime:0.001580s ]
INFO: [ view_filter ] --END-- [ RunTime:0.001679s ]
INFO: [ app_end ] --START--
INFO: Run Behavior\ShowPageTraceBehavior [ RunTime:0.000968s ]
INFO: [ app_end ] --END-- [ RunTime:0.001097s ]

[ 2015-09-23T14:26:14+08:00 ] 127.0.0.1 /
INFO: [ app_init ] --START--
INFO: Run Behavior\BuildLiteBehavior [ RunTime:0.000023s ]
INFO: [ app_init ] --END-- [ RunTime:0.000499s ]
INFO: [ app_begin ] --START--
INFO: Run Behavior\ReadHtmlCacheBehavior [ RunTime:0.000803s ]
INFO: [ app_begin ] --END-- [ RunTime:0.000908s ]
SQL: SHOW COLUMNS FROM `bit_sale` [ RunTime:0.0045s ]
SQL: SELECT `bsid`,`num`,`add_date`,`add_time`,`email` FROM `bit_sale` WHERE `status` = 2  [ RunTime:0.0004s ]
SQL: SHOW COLUMNS FROM `bit_buy` [ RunTime:0.0038s ]
SQL: SELECT `bsid`,`num`,`add_date`,`add_time`,`email` FROM `bit_buy` WHERE `status` = 2  [ RunTime:0.0004s ]
INFO: [ view_parse ] --START--
INFO: [ template_filter ] --START--
INFO: Run Behavior\ContentReplaceBehavior [ RunTime:0.000183s ]
INFO: [ template_filter ] --END-- [ RunTime:0.000472s ]
NOTIC: [8] Undefined index: ad_date D:\wamp\www\bitett\Coin\Runtime\Cache\Home\993116a0714d3090e5f1128a0bb075a1.php 第 98 行.
NOTIC: [8] Undefined index: ad_date D:\wamp\www\bitett\Coin\Runtime\Cache\Home\993116a0714d3090e5f1128a0bb075a1.php 第 98 行.
NOTIC: [8] Undefined index: ad_date D:\wamp\www\bitett\Coin\Runtime\Cache\Home\993116a0714d3090e5f1128a0bb075a1.php 第 98 行.
NOTIC: [8] Undefined index: ad_date D:\wamp\www\bitett\Coin\Runtime\Cache\Home\993116a0714d3090e5f1128a0bb075a1.php 第 98 行.
INFO: Run Behavior\ParseTemplateBehavior [ RunTime:0.028666s ]
INFO: [ view_parse ] --END-- [ RunTime:0.028869s ]
INFO: [ view_filter ] --START--
INFO: Run Behavior\WriteHtmlCacheBehavior [ RunTime:0.000931s ]
INFO: [ view_filter ] --END-- [ RunTime:0.001077s ]
INFO: [ app_end ] --START--
INFO: Run Behavior\ShowPageTraceBehavior [ RunTime:0.014527s ]
INFO: [ app_end ] --END-- [ RunTime:0.014688s ]

[ 2015-09-23T14:27:14+08:00 ] 127.0.0.1 /
INFO: [ app_init ] --START--
INFO: Run Behavior\BuildLiteBehavior [ RunTime:0.000123s ]
INFO: [ app_init ] --END-- [ RunTime:0.001018s ]
INFO: [ app_begin ] --START--
INFO: Run Behavior\ReadHtmlCacheBehavior [ RunTime:0.001435s ]
INFO: [ app_begin ] --END-- [ RunTime:0.001642s ]
SQL: SHOW COLUMNS FROM `bit_sale` [ RunTime:0.0059s ]
SQL: SELECT `bsid`,`num`,`add_date`,`add_time`,`email` FROM `bit_sale` WHERE `status` = 2  [ RunTime:0.0006s ]
SQL: SHOW COLUMNS FROM `bit_buy` [ RunTime:0.0106s ]
SQL: SELECT `bsid`,`num`,`add_date`,`add_time`,`email` FROM `bit_buy` WHERE `status` = 2  [ RunTime:0.0140s ]
INFO: [ view_parse ] --START--
INFO: [ template_filter ] --START--
INFO: Run Behavior\ContentReplaceBehavior [ RunTime:0.000125s ]
INFO: [ template_filter ] --END-- [ RunTime:0.000333s ]
NOTIC: [8] Undefined index: ad_date D:\wamp\www\bitett\Coin\Runtime\Cache\Home\993116a0714d3090e5f1128a0bb075a1.php 第 98 行.
NOTIC: [8] A non well formed numeric value encountered D:\wamp\www\bitett\Coin\Runtime\Cache\Home\993116a0714d3090e5f1128a0bb075a1.php 第 90 行.
NOTIC: [8] Undefined index: ad_date D:\wamp\www\bitett\Coin\Runtime\Cache\Home\993116a0714d3090e5f1128a0bb075a1.php 第 98 行.
NOTIC: [8] Undefined index: ad_date D:\wamp\www\bitett\Coin\Runtime\Cache\Home\993116a0714d3090e5f1128a0bb075a1.php 第 98 行.
NOTIC: [8] Undefined index: ad_date D:\wamp\www\bitett\Coin\Runtime\Cache\Home\993116a0714d3090e5f1128a0bb075a1.php 第 98 行.
INFO: Run Behavior\ParseTemplateBehavior [ RunTime:0.013278s ]
INFO: [ view_parse ] --END-- [ RunTime:0.013420s ]
INFO: [ view_filter ] --START--
INFO: Run Behavior\WriteHtmlCacheBehavior [ RunTime:0.000478s ]
INFO: [ view_filter ] --END-- [ RunTime:0.000595s ]
INFO: [ app_end ] --START--
INFO: Run Behavior\ShowPageTraceBehavior [ RunTime:0.001734s ]
INFO: [ app_end ] --END-- [ RunTime:0.002117s ]

[ 2015-09-23T14:27:16+08:00 ] 127.0.0.1 /
INFO: [ app_init ] --START--
INFO: Run Behavior\BuildLiteBehavior [ RunTime:0.000026s ]
INFO: [ app_init ] --END-- [ RunTime:0.000576s ]
INFO: [ app_begin ] --START--
INFO: Run Behavior\ReadHtmlCacheBehavior [ RunTime:0.000555s ]
INFO: [ app_begin ] --END-- [ RunTime:0.000665s ]
SQL: SHOW COLUMNS FROM `bit_sale` [ RunTime:0.0091s ]
SQL: SELECT `bsid`,`num`,`add_date`,`add_time`,`email` FROM `bit_sale` WHERE `status` = 2  [ RunTime:0.0005s ]
SQL: SHOW COLUMNS FROM `bit_buy` [ RunTime:0.0042s ]
SQL: SELECT `bsid`,`num`,`add_date`,`add_time`,`email` FROM `bit_buy` WHERE `status` = 2  [ RunTime:0.0031s ]
INFO: [ view_parse ] --START--
INFO: [ template_filter ] --START--
INFO: Run Behavior\ContentReplaceBehavior [ RunTime:0.000094s ]
INFO: [ template_filter ] --END-- [ RunTime:0.000244s ]
NOTIC: [8] Undefined index: ad_date D:\wamp\www\bitett\Coin\Runtime\Cache\Home\993116a0714d3090e5f1128a0bb075a1.php 第 98 行.
NOTIC: [8] A non well formed numeric value encountered D:\wamp\www\bitett\Coin\Runtime\Cache\Home\993116a0714d3090e5f1128a0bb075a1.php 第 90 行.
NOTIC: [8] Undefined index: ad_date D:\wamp\www\bitett\Coin\Runtime\Cache\Home\993116a0714d3090e5f1128a0bb075a1.php 第 98 行.
NOTIC: [8] Undefined index: ad_date D:\wamp\www\bitett\Coin\Runtime\Cache\Home\993116a0714d3090e5f1128a0bb075a1.php 第 98 行.
NOTIC: [8] Undefined index: ad_date D:\wamp\www\bitett\Coin\Runtime\Cache\Home\993116a0714d3090e5f1128a0bb075a1.php 第 98 行.
INFO: Run Behavior\ParseTemplateBehavior [ RunTime:0.014331s ]
INFO: [ view_parse ] --END-- [ RunTime:0.014439s ]
INFO: [ view_filter ] --START--
INFO: Run Behavior\WriteHtmlCacheBehavior [ RunTime:0.000485s ]
INFO: [ view_filter ] --END-- [ RunTime:0.000605s ]
INFO: [ app_end ] --START--
INFO: Run Behavior\ShowPageTraceBehavior [ RunTime:0.000802s ]
INFO: [ app_end ] --END-- [ RunTime:0.000997s ]

[ 2015-09-23T14:27:25+08:00 ] 127.0.0.1 /
INFO: [ app_init ] --START--
INFO: Run Behavior\BuildLiteBehavior [ RunTime:0.000032s ]
INFO: [ app_init ] --END-- [ RunTime:0.000860s ]
INFO: [ app_begin ] --START--
INFO: Run Behavior\ReadHtmlCacheBehavior [ RunTime:0.000903s ]
INFO: [ app_begin ] --END-- [ RunTime:0.001077s ]
SQL: SHOW COLUMNS FROM `bit_sale` [ RunTime:0.0057s ]
SQL: SELECT `bsid`,`num`,`add_date`,`add_time`,`email` FROM `bit_sale` WHERE `status` = 2  [ RunTime:0.0008s ]
SQL: SHOW COLUMNS FROM `bit_buy` [ RunTime:0.0073s ]
SQL: SELECT `bsid`,`num`,`add_date`,`add_time`,`email` FROM `bit_buy` WHERE `status` = 2  [ RunTime:0.0004s ]
INFO: [ view_parse ] --START--
INFO: [ template_filter ] --START--
INFO: Run Behavior\ContentReplaceBehavior [ RunTime:0.000155s ]
INFO: [ template_filter ] --END-- [ RunTime:0.000333s ]
NOTIC: [8] Undefined index: ad_date D:\wamp\www\bitett\Coin\Runtime\Cache\Home\993116a0714d3090e5f1128a0bb075a1.php 第 98 行.
NOTIC: [8] Undefined index: ad_date D:\wamp\www\bitett\Coin\Runtime\Cache\Home\993116a0714d3090e5f1128a0bb075a1.php 第 98 行.
NOTIC: [8] Undefined index: ad_date D:\wamp\www\bitett\Coin\Runtime\Cache\Home\993116a0714d3090e5f1128a0bb075a1.php 第 98 行.
NOTIC: [8] Undefined index: ad_date D:\wamp\www\bitett\Coin\Runtime\Cache\Home\993116a0714d3090e5f1128a0bb075a1.php 第 98 行.
INFO: Run Behavior\ParseTemplateBehavior [ RunTime:0.034694s ]
INFO: [ view_parse ] --END-- [ RunTime:0.034834s ]
INFO: [ view_filter ] --START--
INFO: Run Behavior\WriteHtmlCacheBehavior [ RunTime:0.000450s ]
INFO: [ view_filter ] --END-- [ RunTime:0.000554s ]
INFO: [ app_end ] --START--
INFO: Run Behavior\ShowPageTraceBehavior [ RunTime:0.001413s ]
INFO: [ app_end ] --END-- [ RunTime:0.001610s ]

[ 2015-09-23T14:31:06+08:00 ] 127.0.0.1 /
INFO: [ app_init ] --START--
INFO: Run Behavior\BuildLiteBehavior [ RunTime:0.000051s ]
INFO: [ app_init ] --END-- [ RunTime:0.001144s ]
INFO: [ app_begin ] --START--
INFO: Run Behavior\ReadHtmlCacheBehavior [ RunTime:0.001043s ]
INFO: [ app_begin ] --END-- [ RunTime:0.003394s ]
SQL: SHOW COLUMNS FROM `bit_sale` [ RunTime:0.0108s ]
SQL: SELECT `bsid`,`num`,`add_date`,`add_time`,`email` FROM `bit_sale` WHERE `status` = 2  [ RunTime:0.0032s ]
SQL: SHOW COLUMNS FROM `bit_buy` [ RunTime:0.0074s ]
SQL: SELECT `bsid`,`num`,`add_date`,`add_time`,`email` FROM `bit_buy` WHERE `status` = 2  [ RunTime:0.0055s ]
INFO: [ view_parse ] --START--
INFO: [ template_filter ] --START--
INFO: Run Behavior\ContentReplaceBehavior [ RunTime:0.000125s ]
INFO: [ template_filter ] --END-- [ RunTime:0.004484s ]

[ 2015-09-23T14:31:30+08:00 ] 127.0.0.1 /
INFO: [ app_init ] --START--
INFO: Run Behavior\BuildLiteBehavior [ RunTime:0.000024s ]
INFO: [ app_init ] --END-- [ RunTime:0.000428s ]
INFO: [ app_begin ] --START--
INFO: Run Behavior\ReadHtmlCacheBehavior [ RunTime:0.000700s ]
INFO: [ app_begin ] --END-- [ RunTime:0.000804s ]
SQL: SHOW COLUMNS FROM `bit_sale` [ RunTime:0.0041s ]
SQL: SELECT `bsid`,`num`,`add_date`,`add_time`,`email` FROM `bit_sale` WHERE `status` = 2  [ RunTime:0.0004s ]
SQL: SHOW COLUMNS FROM `bit_buy` [ RunTime:0.0038s ]
SQL: SELECT `bsid`,`num`,`add_date`,`add_time`,`email` FROM `bit_buy` WHERE `status` = 2  [ RunTime:0.0003s ]
INFO: [ view_parse ] --START--
INFO: [ template_filter ] --START--
INFO: Run Behavior\ContentReplaceBehavior [ RunTime:0.000086s ]
INFO: [ template_filter ] --END-- [ RunTime:0.000195s ]
NOTIC: [8] Use of undefined constant email - assumed 'email' D:\wamp\www\bitett\Coin\Runtime\Cache\Home\993116a0714d3090e5f1128a0bb075a1.php 第 90 行.
NOTIC: [8] Undefined index: ad_date D:\wamp\www\bitett\Coin\Runtime\Cache\Home\993116a0714d3090e5f1128a0bb075a1.php 第 98 行.
NOTIC: [8] Use of undefined constant email - assumed 'email' D:\wamp\www\bitett\Coin\Runtime\Cache\Home\993116a0714d3090e5f1128a0bb075a1.php 第 90 行.
NOTIC: [8] Undefined index: ad_date D:\wamp\www\bitett\Coin\Runtime\Cache\Home\993116a0714d3090e5f1128a0bb075a1.php 第 98 行.
NOTIC: [8] Use of undefined constant email - assumed 'email' D:\wamp\www\bitett\Coin\Runtime\Cache\Home\993116a0714d3090e5f1128a0bb075a1.php 第 90 行.
NOTIC: [8] Undefined index: ad_date D:\wamp\www\bitett\Coin\Runtime\Cache\Home\993116a0714d3090e5f1128a0bb075a1.php 第 98 行.
NOTIC: [8] Use of undefined constant email - assumed 'email' D:\wamp\www\bitett\Coin\Runtime\Cache\Home\993116a0714d3090e5f1128a0bb075a1.php 第 90 行.
NOTIC: [8] Undefined index: ad_date D:\wamp\www\bitett\Coin\Runtime\Cache\Home\993116a0714d3090e5f1128a0bb075a1.php 第 98 行.
INFO: Run Behavior\ParseTemplateBehavior [ RunTime:0.010402s ]
INFO: [ view_parse ] --END-- [ RunTime:0.010514s ]
INFO: [ view_filter ] --START--
INFO: Run Behavior\WriteHtmlCacheBehavior [ RunTime:0.000364s ]
INFO: [ view_filter ] --END-- [ RunTime:0.000451s ]
INFO: [ app_end ] --START--
INFO: Run Behavior\ShowPageTraceBehavior [ RunTime:0.000576s ]
INFO: [ app_end ] --END-- [ RunTime:0.000666s ]

[ 2015-09-23T14:31:32+08:00 ] 127.0.0.1 /
INFO: [ app_init ] --START--
INFO: Run Behavior\BuildLiteBehavior [ RunTime:0.000034s ]
INFO: [ app_init ] --END-- [ RunTime:0.000657s ]
INFO: [ app_begin ] --START--
INFO: Run Behavior\ReadHtmlCacheBehavior [ RunTime:0.001168s ]
INFO: [ app_begin ] --END-- [ RunTime:0.001321s ]
SQL: SHOW COLUMNS FROM `bit_sale` [ RunTime:0.0065s ]
SQL: SELECT `bsid`,`num`,`add_date`,`add_time`,`email` FROM `bit_sale` WHERE `status` = 2  [ RunTime:0.0010s ]
SQL: SHOW COLUMNS FROM `bit_buy` [ RunTime:0.0122s ]
SQL: SELECT `bsid`,`num`,`add_date`,`add_time`,`email` FROM `bit_buy` WHERE `status` = 2  [ RunTime:0.0008s ]
INFO: [ view_parse ] --START--
INFO: [ template_filter ] --START--
INFO: Run Behavior\ContentReplaceBehavior [ RunTime:0.000149s ]
INFO: [ template_filter ] --END-- [ RunTime:0.000405s ]
NOTIC: [8] Use of undefined constant email - assumed 'email' D:\wamp\www\bitett\Coin\Runtime\Cache\Home\993116a0714d3090e5f1128a0bb075a1.php 第 90 行.
NOTIC: [8] Undefined index: ad_date D:\wamp\www\bitett\Coin\Runtime\Cache\Home\993116a0714d3090e5f1128a0bb075a1.php 第 98 行.
NOTIC: [8] Use of undefined constant email - assumed 'email' D:\wamp\www\bitett\Coin\Runtime\Cache\Home\993116a0714d3090e5f1128a0bb075a1.php 第 90 行.
NOTIC: [8] Undefined index: ad_date D:\wamp\www\bitett\Coin\Runtime\Cache\Home\993116a0714d3090e5f1128a0bb075a1.php 第 98 行.
NOTIC: [8] Use of undefined constant email - assumed 'email' D:\wamp\www\bitett\Coin\Runtime\Cache\Home\993116a0714d3090e5f1128a0bb075a1.php 第 90 行.
NOTIC: [8] Undefined index: ad_date D:\wamp\www\bitett\Coin\Runtime\Cache\Home\993116a0714d3090e5f1128a0bb075a1.php 第 98 行.
NOTIC: [8] Use of undefined constant email - assumed 'email' D:\wamp\www\bitett\Coin\Runtime\Cache\Home\993116a0714d3090e5f1128a0bb075a1.php 第 90 行.
NOTIC: [8] Undefined index: ad_date D:\wamp\www\bitett\Coin\Runtime\Cache\Home\993116a0714d3090e5f1128a0bb075a1.php 第 98 行.
INFO: Run Behavior\ParseTemplateBehavior [ RunTime:0.020180s ]
INFO: [ view_parse ] --END-- [ RunTime:0.020930s ]
INFO: [ view_filter ] --START--
INFO: Run Behavior\WriteHtmlCacheBehavior [ RunTime:0.000841s ]
INFO: [ view_filter ] --END-- [ RunTime:0.001028s ]
INFO: [ app_end ] --START--
INFO: Run Behavior\ShowPageTraceBehavior [ RunTime:0.002014s ]
INFO: [ app_end ] --END-- [ RunTime:0.002928s ]

[ 2015-09-23T14:31:56+08:00 ] 127.0.0.1 /
INFO: [ app_init ] --START--
INFO: Run Behavior\BuildLiteBehavior [ RunTime:0.000047s ]
INFO: [ app_init ] --END-- [ RunTime:0.001491s ]
INFO: [ app_begin ] --START--
INFO: Run Behavior\ReadHtmlCacheBehavior [ RunTime:0.000990s ]
INFO: [ app_begin ] --END-- [ RunTime:0.001150s ]
SQL: SHOW COLUMNS FROM `bit_sale` [ RunTime:0.0213s ]
SQL: SELECT `bsid`,`num`,`add_date`,`add_time`,`email` FROM `bit_sale` WHERE `status` = 2  [ RunTime:0.0006s ]
SQL: SHOW COLUMNS FROM `bit_buy` [ RunTime:0.0062s ]
SQL: SELECT `bsid`,`num`,`add_date`,`add_time`,`email` FROM `bit_buy` WHERE `status` = 2  [ RunTime:0.0008s ]
INFO: [ view_parse ] --START--
INFO: [ template_filter ] --START--
INFO: Run Behavior\ContentReplaceBehavior [ RunTime:0.000101s ]
INFO: [ template_filter ] --END-- [ RunTime:0.000226s ]
NOTIC: [8] Undefined index: ad_date D:\wamp\www\bitett\Coin\Runtime\Cache\Home\993116a0714d3090e5f1128a0bb075a1.php 第 98 行.
NOTIC: [8] Undefined index: ad_date D:\wamp\www\bitett\Coin\Runtime\Cache\Home\993116a0714d3090e5f1128a0bb075a1.php 第 98 行.
NOTIC: [8] Undefined index: ad_date D:\wamp\www\bitett\Coin\Runtime\Cache\Home\993116a0714d3090e5f1128a0bb075a1.php 第 98 行.
NOTIC: [8] Undefined index: ad_date D:\wamp\www\bitett\Coin\Runtime\Cache\Home\993116a0714d3090e5f1128a0bb075a1.php 第 98 行.
INFO: Run Behavior\ParseTemplateBehavior [ RunTime:0.013881s ]
INFO: [ view_parse ] --END-- [ RunTime:0.013996s ]
INFO: [ view_filter ] --START--
INFO: Run Behavior\WriteHtmlCacheBehavior [ RunTime:0.006365s ]
INFO: [ view_filter ] --END-- [ RunTime:0.006533s ]
INFO: [ app_end ] --START--
INFO: Run Behavior\ShowPageTraceBehavior [ RunTime:0.003434s ]
INFO: [ app_end ] --END-- [ RunTime:0.003607s ]

[ 2015-09-23T14:31:57+08:00 ] 127.0.0.1 /
INFO: [ app_init ] --START--
INFO: Run Behavior\BuildLiteBehavior [ RunTime:0.000053s ]
INFO: [ app_init ] --END-- [ RunTime:0.000794s ]
INFO: [ app_begin ] --START--
INFO: Run Behavior\ReadHtmlCacheBehavior [ RunTime:0.000711s ]
INFO: [ app_begin ] --END-- [ RunTime:0.000840s ]
SQL: SHOW COLUMNS FROM `bit_sale` [ RunTime:0.0158s ]
SQL: SELECT `bsid`,`num`,`add_date`,`add_time`,`email` FROM `bit_sale` WHERE `status` = 2  [ RunTime:0.0005s ]
SQL: SHOW COLUMNS FROM `bit_buy` [ RunTime:0.0076s ]
SQL: SELECT `bsid`,`num`,`add_date`,`add_time`,`email` FROM `bit_buy` WHERE `status` = 2  [ RunTime:0.0018s ]
INFO: [ view_parse ] --START--
INFO: [ template_filter ] --START--
INFO: Run Behavior\ContentReplaceBehavior [ RunTime:0.000102s ]
INFO: [ template_filter ] --END-- [ RunTime:0.000252s ]
NOTIC: [8] Undefined index: ad_date D:\wamp\www\bitett\Coin\Runtime\Cache\Home\993116a0714d3090e5f1128a0bb075a1.php 第 98 行.
NOTIC: [8] Undefined index: ad_date D:\wamp\www\bitett\Coin\Runtime\Cache\Home\993116a0714d3090e5f1128a0bb075a1.php 第 98 行.
NOTIC: [8] Undefined index: ad_date D:\wamp\www\bitett\Coin\Runtime\Cache\Home\993116a0714d3090e5f1128a0bb075a1.php 第 98 行.
NOTIC: [8] Undefined index: ad_date D:\wamp\www\bitett\Coin\Runtime\Cache\Home\993116a0714d3090e5f1128a0bb075a1.php 第 98 行.
INFO: Run Behavior\ParseTemplateBehavior [ RunTime:0.021922s ]
INFO: [ view_parse ] --END-- [ RunTime:0.022057s ]
INFO: [ view_filter ] --START--
INFO: Run Behavior\WriteHtmlCacheBehavior [ RunTime:0.000305s ]
INFO: [ view_filter ] --END-- [ RunTime:0.000391s ]
INFO: [ app_end ] --START--
INFO: Run Behavior\ShowPageTraceBehavior [ RunTime:0.000641s ]
INFO: [ app_end ] --END-- [ RunTime:0.000762s ]

[ 2015-09-23T14:38:32+08:00 ] 127.0.0.1 /
INFO: [ app_init ] --START--
INFO: Run Behavior\BuildLiteBehavior [ RunTime:0.000075s ]
INFO: [ app_init ] --END-- [ RunTime:0.001369s ]
INFO: [ app_begin ] --START--
INFO: Run Behavior\ReadHtmlCacheBehavior [ RunTime:0.001186s ]
INFO: [ app_begin ] --END-- [ RunTime:0.001388s ]
SQL: SHOW COLUMNS FROM `bit_sale` [ RunTime:0.0210s ]
SQL: SELECT `bsid`,`num`,`add_date`,`add_time`,`email` FROM `bit_sale` WHERE `status` = 2  [ RunTime:0.0005s ]
SQL: SHOW COLUMNS FROM `bit_buy` [ RunTime:0.0042s ]
SQL: SELECT `bsid`,`num`,`add_date`,`add_time`,`email` FROM `bit_buy` WHERE `status` = 2  [ RunTime:0.0003s ]
INFO: [ view_parse ] --START--
INFO: [ template_filter ] --START--
INFO: Run Behavior\ContentReplaceBehavior [ RunTime:0.000083s ]
INFO: [ template_filter ] --END-- [ RunTime:0.000183s ]
NOTIC: [8] Undefined index: ad_date D:\wamp\www\bitett\Coin\Runtime\Cache\Home\993116a0714d3090e5f1128a0bb075a1.php 第 98 行.
NOTIC: [8] Undefined index: ad_date D:\wamp\www\bitett\Coin\Runtime\Cache\Home\993116a0714d3090e5f1128a0bb075a1.php 第 98 行.
NOTIC: [8] Undefined index: ad_date D:\wamp\www\bitett\Coin\Runtime\Cache\Home\993116a0714d3090e5f1128a0bb075a1.php 第 98 行.
NOTIC: [8] Undefined index: ad_date D:\wamp\www\bitett\Coin\Runtime\Cache\Home\993116a0714d3090e5f1128a0bb075a1.php 第 98 行.
INFO: Run Behavior\ParseTemplateBehavior [ RunTime:0.015666s ]
INFO: [ view_parse ] --END-- [ RunTime:0.015800s ]
INFO: [ view_filter ] --START--
INFO: Run Behavior\WriteHtmlCacheBehavior [ RunTime:0.000377s ]
INFO: [ view_filter ] --END-- [ RunTime:0.000459s ]
INFO: [ app_end ] --START--
INFO: Run Behavior\ShowPageTraceBehavior [ RunTime:0.000975s ]
INFO: [ app_end ] --END-- [ RunTime:0.001121s ]

[ 2015-09-23T14:40:23+08:00 ] 127.0.0.1 /
INFO: [ app_init ] --START--
INFO: Run Behavior\BuildLiteBehavior [ RunTime:0.000065s ]
INFO: [ app_init ] --END-- [ RunTime:0.001347s ]
INFO: [ app_begin ] --START--
INFO: Run Behavior\ReadHtmlCacheBehavior [ RunTime:0.001632s ]
INFO: [ app_begin ] --END-- [ RunTime:0.002897s ]
SQL: SHOW COLUMNS FROM `bit_sale` [ RunTime:0.0089s ]
SQL: SELECT `bsid`,`num`,`add_date`,`add_time`,`email` FROM `bit_sale` WHERE `status` = 2  [ RunTime:0.0016s ]
SQL: SHOW COLUMNS FROM `bit_buy` [ RunTime:0.0319s ]
SQL: SELECT `bsid`,`num`,`add_date`,`add_time`,`email` FROM `bit_buy` WHERE `status` = 2  [ RunTime:0.0013s ]
INFO: [ view_parse ] --START--
INFO: [ template_filter ] --START--
INFO: Run Behavior\ContentReplaceBehavior [ RunTime:0.000105s ]
INFO: [ template_filter ] --END-- [ RunTime:0.000251s ]
NOTIC: [8] Undefined index: ad_date D:\wamp\www\bitett\Coin\Runtime\Cache\Home\993116a0714d3090e5f1128a0bb075a1.php 第 98 行.
NOTIC: [8] Undefined index: ad_date D:\wamp\www\bitett\Coin\Runtime\Cache\Home\993116a0714d3090e5f1128a0bb075a1.php 第 98 行.
NOTIC: [8] Undefined index: ad_date D:\wamp\www\bitett\Coin\Runtime\Cache\Home\993116a0714d3090e5f1128a0bb075a1.php 第 98 行.
NOTIC: [8] Undefined index: ad_date D:\wamp\www\bitett\Coin\Runtime\Cache\Home\993116a0714d3090e5f1128a0bb075a1.php 第 98 行.
INFO: Run Behavior\ParseTemplateBehavior [ RunTime:0.049705s ]
INFO: [ view_parse ] --END-- [ RunTime:0.049872s ]
INFO: [ view_filter ] --START--
INFO: Run Behavior\WriteHtmlCacheBehavior [ RunTime:0.000583s ]
INFO: [ view_filter ] --END-- [ RunTime:0.000689s ]
INFO: [ app_end ] --START--
INFO: Run Behavior\ShowPageTraceBehavior [ RunTime:0.001727s ]
INFO: [ app_end ] --END-- [ RunTime:0.002071s ]

[ 2015-09-23T14:40:39+08:00 ] 127.0.0.1 /
INFO: [ app_init ] --START--
INFO: Run Behavior\BuildLiteBehavior [ RunTime:0.000026s ]
INFO: [ app_init ] --END-- [ RunTime:0.000485s ]
INFO: [ app_begin ] --START--
INFO: Run Behavior\ReadHtmlCacheBehavior [ RunTime:0.000915s ]
INFO: [ app_begin ] --END-- [ RunTime:0.001081s ]
SQL: SHOW COLUMNS FROM `bit_sale` [ RunTime:0.0052s ]
SQL: SELECT `bsid`,`num`,`add_date`,`add_time`,`email` FROM `bit_sale` WHERE `status` = 2  [ RunTime:0.0004s ]
SQL: SHOW COLUMNS FROM `bit_buy` [ RunTime:0.0060s ]
SQL: SELECT `bsid`,`num`,`add_date`,`add_time`,`email` FROM `bit_buy` WHERE `status` = 2  [ RunTime:0.0004s ]
INFO: [ view_parse ] --START--
INFO: [ template_filter ] --START--
INFO: Run Behavior\ContentReplaceBehavior [ RunTime:0.000157s ]
INFO: [ template_filter ] --END-- [ RunTime:0.000489s ]
NOTIC: [8] Undefined index: ad_date D:\wamp\www\bitett\Coin\Runtime\Cache\Home\993116a0714d3090e5f1128a0bb075a1.php 第 98 行.
NOTIC: [8] Undefined index: ad_date D:\wamp\www\bitett\Coin\Runtime\Cache\Home\993116a0714d3090e5f1128a0bb075a1.php 第 98 行.
NOTIC: [8] Undefined index: ad_date D:\wamp\www\bitett\Coin\Runtime\Cache\Home\993116a0714d3090e5f1128a0bb075a1.php 第 98 行.
NOTIC: [8] Undefined index: ad_date D:\wamp\www\bitett\Coin\Runtime\Cache\Home\993116a0714d3090e5f1128a0bb075a1.php 第 98 行.
INFO: Run Behavior\ParseTemplateBehavior [ RunTime:0.039163s ]
INFO: [ view_parse ] --END-- [ RunTime:0.039278s ]
INFO: [ view_filter ] --START--
INFO: Run Behavior\WriteHtmlCacheBehavior [ RunTime:0.000261s ]
INFO: [ view_filter ] --END-- [ RunTime:0.000343s ]
INFO: [ app_end ] --START--
INFO: Run Behavior\ShowPageTraceBehavior [ RunTime:0.000543s ]
INFO: [ app_end ] --END-- [ RunTime:0.000636s ]

[ 2015-09-23T14:41:16+08:00 ] 127.0.0.1 /
INFO: [ app_init ] --START--
INFO: Run Behavior\BuildLiteBehavior [ RunTime:0.000037s ]
INFO: [ app_init ] --END-- [ RunTime:0.001820s ]
INFO: [ app_begin ] --START--
INFO: Run Behavior\ReadHtmlCacheBehavior [ RunTime:0.000946s ]
INFO: [ app_begin ] --END-- [ RunTime:0.001102s ]
SQL: SHOW COLUMNS FROM `bit_sale` [ RunTime:0.0076s ]
SQL: SELECT `bsid`,`num`,`add_date`,`add_time`,`email` FROM `bit_sale` WHERE `status` = 2  [ RunTime:0.0007s ]
SQL: SHOW COLUMNS FROM `bit_buy` [ RunTime:0.0097s ]
SQL: SELECT `bsid`,`num`,`add_date`,`add_time`,`email` FROM `bit_buy` WHERE `status` = 2  [ RunTime:0.0009s ]
INFO: [ view_parse ] --START--
INFO: [ template_filter ] --START--
INFO: Run Behavior\ContentReplaceBehavior [ RunTime:0.000108s ]
INFO: [ template_filter ] --END-- [ RunTime:0.000297s ]
NOTIC: [8] Undefined index: ad_date D:\wamp\www\bitett\Coin\Runtime\Cache\Home\993116a0714d3090e5f1128a0bb075a1.php 第 98 行.
NOTIC: [8] Undefined index: ad_date D:\wamp\www\bitett\Coin\Runtime\Cache\Home\993116a0714d3090e5f1128a0bb075a1.php 第 98 行.
NOTIC: [8] Undefined index: ad_date D:\wamp\www\bitett\Coin\Runtime\Cache\Home\993116a0714d3090e5f1128a0bb075a1.php 第 98 行.
NOTIC: [8] Undefined index: ad_date D:\wamp\www\bitett\Coin\Runtime\Cache\Home\993116a0714d3090e5f1128a0bb075a1.php 第 98 行.
INFO: Run Behavior\ParseTemplateBehavior [ RunTime:0.013928s ]
INFO: [ view_parse ] --END-- [ RunTime:0.014038s ]
INFO: [ view_filter ] --START--
INFO: Run Behavior\WriteHtmlCacheBehavior [ RunTime:0.000321s ]
INFO: [ view_filter ] --END-- [ RunTime:0.000405s ]
INFO: [ app_end ] --START--
INFO: Run Behavior\ShowPageTraceBehavior [ RunTime:0.000545s ]
INFO: [ app_end ] --END-- [ RunTime:0.000636s ]

[ 2015-09-23T14:42:10+08:00 ] 127.0.0.1 /
INFO: [ app_init ] --START--
INFO: Run Behavior\BuildLiteBehavior [ RunTime:0.000026s ]
INFO: [ app_init ] --END-- [ RunTime:0.027725s ]
INFO: [ app_begin ] --START--
INFO: Run Behavior\ReadHtmlCacheBehavior [ RunTime:0.000624s ]
INFO: [ app_begin ] --END-- [ RunTime:0.000753s ]
SQL: SHOW COLUMNS FROM `bit_sale` [ RunTime:0.0095s ]
SQL: SELECT `bsid`,`num`,`add_date`,`add_time`,`email` FROM `bit_sale` WHERE `status` = 2  [ RunTime:0.0010s ]
SQL: SHOW COLUMNS FROM `bit_buy` [ RunTime:0.0312s ]
SQL: SELECT `bsid`,`num`,`add_date`,`add_time`,`email` FROM `bit_buy` WHERE `status` = 2  [ RunTime:0.0007s ]
INFO: [ view_parse ] --START--
INFO: [ template_filter ] --START--
INFO: Run Behavior\ContentReplaceBehavior [ RunTime:0.000154s ]
INFO: [ template_filter ] --END-- [ RunTime:0.000968s ]
NOTIC: [8] Undefined index: ad_date D:\wamp\www\bitett\Coin\Runtime\Cache\Home\993116a0714d3090e5f1128a0bb075a1.php 第 98 行.
NOTIC: [8] Undefined index: ad_date D:\wamp\www\bitett\Coin\Runtime\Cache\Home\993116a0714d3090e5f1128a0bb075a1.php 第 98 行.
NOTIC: [8] Undefined index: ad_date D:\wamp\www\bitett\Coin\Runtime\Cache\Home\993116a0714d3090e5f1128a0bb075a1.php 第 98 行.
NOTIC: [8] Undefined index: ad_date D:\wamp\www\bitett\Coin\Runtime\Cache\Home\993116a0714d3090e5f1128a0bb075a1.php 第 98 行.
INFO: Run Behavior\ParseTemplateBehavior [ RunTime:0.014704s ]
INFO: [ view_parse ] --END-- [ RunTime:0.014877s ]
INFO: [ view_filter ] --START--
INFO: Run Behavior\WriteHtmlCacheBehavior [ RunTime:0.000698s ]
INFO: [ view_filter ] --END-- [ RunTime:0.000839s ]
INFO: [ app_end ] --START--
INFO: Run Behavior\ShowPageTraceBehavior [ RunTime:0.001779s ]
INFO: [ app_end ] --END-- [ RunTime:0.001976s ]

[ 2015-09-23T14:42:55+08:00 ] 127.0.0.1 /
INFO: [ app_init ] --START--
INFO: Run Behavior\BuildLiteBehavior [ RunTime:0.000041s ]
INFO: [ app_init ] --END-- [ RunTime:0.001519s ]
INFO: [ app_begin ] --START--
INFO: Run Behavior\ReadHtmlCacheBehavior [ RunTime:0.000825s ]
INFO: [ app_begin ] --END-- [ RunTime:0.000952s ]
SQL: SHOW COLUMNS FROM `bit_sale` [ RunTime:0.0099s ]
SQL: SELECT `bsid`,`num`,`add_date`,`add_time`,`email` FROM `bit_sale` WHERE `status` = 2  [ RunTime:0.0014s ]
SQL: SHOW COLUMNS FROM `bit_buy` [ RunTime:0.0146s ]
SQL: SELECT `bsid`,`num`,`add_date`,`add_time`,`email` FROM `bit_buy` WHERE `status` = 2  [ RunTime:0.0021s ]
INFO: [ view_parse ] --START--
INFO: [ template_filter ] --START--
INFO: Run Behavior\ContentReplaceBehavior [ RunTime:0.000096s ]
INFO: [ template_filter ] --END-- [ RunTime:0.000224s ]
NOTIC: [8] Undefined index: ad_date D:\wamp\www\bitett\Coin\Runtime\Cache\Home\993116a0714d3090e5f1128a0bb075a1.php 第 98 行.
NOTIC: [8] Undefined index: ad_date D:\wamp\www\bitett\Coin\Runtime\Cache\Home\993116a0714d3090e5f1128a0bb075a1.php 第 98 行.
NOTIC: [8] Undefined index: ad_date D:\wamp\www\bitett\Coin\Runtime\Cache\Home\993116a0714d3090e5f1128a0bb075a1.php 第 98 行.
NOTIC: [8] Undefined index: ad_date D:\wamp\www\bitett\Coin\Runtime\Cache\Home\993116a0714d3090e5f1128a0bb075a1.php 第 98 行.
INFO: Run Behavior\ParseTemplateBehavior [ RunTime:0.020849s ]
INFO: [ view_parse ] --END-- [ RunTime:0.021137s ]
INFO: [ view_filter ] --START--
INFO: Run Behavior\WriteHtmlCacheBehavior [ RunTime:0.000488s ]
INFO: [ view_filter ] --END-- [ RunTime:0.000593s ]
INFO: [ app_end ] --START--
INFO: Run Behavior\ShowPageTraceBehavior [ RunTime:0.001474s ]
INFO: [ app_end ] --END-- [ RunTime:0.001588s ]

[ 2015-09-23T14:43:19+08:00 ] 127.0.0.1 /
INFO: [ app_init ] --START--
INFO: Run Behavior\BuildLiteBehavior [ RunTime:0.000023s ]
INFO: [ app_init ] --END-- [ RunTime:0.000522s ]
INFO: [ app_begin ] --START--
INFO: Run Behavior\ReadHtmlCacheBehavior [ RunTime:0.000634s ]
INFO: [ app_begin ] --END-- [ RunTime:0.000753s ]
SQL: SHOW COLUMNS FROM `bit_sale` [ RunTime:0.0336s ]
SQL: SELECT `bsid`,`num`,`add_date`,`add_time`,`email` FROM `bit_sale` WHERE `status` = 2  [ RunTime:0.0050s ]
SQL: SHOW COLUMNS FROM `bit_buy` [ RunTime:0.0388s ]
SQL: SELECT `bsid`,`num`,`add_date`,`add_time`,`email` FROM `bit_buy` WHERE `status` = 2  [ RunTime:0.0006s ]
INFO: [ view_parse ] --START--
INFO: [ template_filter ] --START--
INFO: Run Behavior\ContentReplaceBehavior [ RunTime:0.000088s ]
INFO: [ template_filter ] --END-- [ RunTime:0.000207s ]
NOTIC: [8] Undefined index: ad_date D:\wamp\www\bitett\Coin\Runtime\Cache\Home\993116a0714d3090e5f1128a0bb075a1.php 第 98 行.
NOTIC: [8] Undefined index: ad_date D:\wamp\www\bitett\Coin\Runtime\Cache\Home\993116a0714d3090e5f1128a0bb075a1.php 第 98 行.
NOTIC: [8] Undefined index: ad_date D:\wamp\www\bitett\Coin\Runtime\Cache\Home\993116a0714d3090e5f1128a0bb075a1.php 第 98 行.
NOTIC: [8] Undefined index: ad_date D:\wamp\www\bitett\Coin\Runtime\Cache\Home\993116a0714d3090e5f1128a0bb075a1.php 第 98 行.
INFO: Run Behavior\ParseTemplateBehavior [ RunTime:0.010447s ]
INFO: [ view_parse ] --END-- [ RunTime:0.010559s ]
INFO: [ view_filter ] --START--
INFO: Run Behavior\WriteHtmlCacheBehavior [ RunTime:0.000272s ]
INFO: [ view_filter ] --END-- [ RunTime:0.000354s ]
INFO: [ app_end ] --START--
INFO: Run Behavior\ShowPageTraceBehavior [ RunTime:0.000549s ]
INFO: [ app_end ] --END-- [ RunTime:0.000642s ]

[ 2015-09-23T15:09:11+08:00 ] 127.0.0.1 /
INFO: [ app_init ] --START--
INFO: Run Behavior\BuildLiteBehavior [ RunTime:0.000028s ]
INFO: [ app_init ] --END-- [ RunTime:0.000554s ]
INFO: [ app_begin ] --START--
INFO: Run Behavior\ReadHtmlCacheBehavior [ RunTime:0.000857s ]
INFO: [ app_begin ] --END-- [ RunTime:0.000985s ]
SQL: SHOW COLUMNS FROM `bit_sale` [ RunTime:0.0070s ]
SQL: SELECT `bsid`,`num`,`add_date`,`add_time`,`email` FROM `bit_sale` WHERE `status` = 2  [ RunTime:0.0010s ]
SQL: SHOW COLUMNS FROM `bit_buy` [ RunTime:0.0066s ]
SQL: SELECT `bsid`,`num`,`add_date`,`add_time`,`email` FROM `bit_buy` WHERE `status` = 2  [ RunTime:0.0012s ]
INFO: [ view_parse ] --START--
INFO: [ template_filter ] --START--
INFO: Run Behavior\ContentReplaceBehavior [ RunTime:0.000098s ]
INFO: [ template_filter ] --END-- [ RunTime:0.000222s ]
NOTIC: [8] Undefined index: ad_date D:\wamp\www\bitett\Coin\Runtime\Cache\Home\993116a0714d3090e5f1128a0bb075a1.php 第 98 行.
NOTIC: [8] Undefined index: ad_date D:\wamp\www\bitett\Coin\Runtime\Cache\Home\993116a0714d3090e5f1128a0bb075a1.php 第 98 行.
NOTIC: [8] Undefined index: ad_date D:\wamp\www\bitett\Coin\Runtime\Cache\Home\993116a0714d3090e5f1128a0bb075a1.php 第 98 行.
NOTIC: [8] Undefined index: ad_date D:\wamp\www\bitett\Coin\Runtime\Cache\Home\993116a0714d3090e5f1128a0bb075a1.php 第 98 行.
INFO: Run Behavior\ParseTemplateBehavior [ RunTime:0.017428s ]
INFO: [ view_parse ] --END-- [ RunTime:0.017558s ]
INFO: [ view_filter ] --START--
INFO: Run Behavior\WriteHtmlCacheBehavior [ RunTime:0.000437s ]
INFO: [ view_filter ] --END-- [ RunTime:0.000548s ]
INFO: [ app_end ] --START--
INFO: Run Behavior\ShowPageTraceBehavior [ RunTime:0.000946s ]
INFO: [ app_end ] --END-- [ RunTime:0.001068s ]

[ 2015-09-23T15:09:11+08:00 ] 127.0.0.1 /favicon.ico
INFO: [ app_init ] --START--
INFO: Run Behavior\BuildLiteBehavior [ RunTime:0.000044s ]
INFO: [ app_init ] --END-- [ RunTime:0.001005s ]

[ 2015-09-23T15:09:12+08:00 ] 127.0.0.1 /favicon.ico
INFO: [ app_init ] --START--
INFO: Run Behavior\BuildLiteBehavior [ RunTime:0.000036s ]
INFO: [ app_init ] --END-- [ RunTime:0.000704s ]

[ 2015-09-23T15:09:17+08:00 ] 127.0.0.1 /
INFO: [ app_init ] --START--
INFO: Run Behavior\BuildLiteBehavior [ RunTime:0.000038s ]
INFO: [ app_init ] --END-- [ RunTime:0.000823s ]
INFO: [ app_begin ] --START--
INFO: Run Behavior\ReadHtmlCacheBehavior [ RunTime:0.000777s ]
INFO: [ app_begin ] --END-- [ RunTime:0.000926s ]
SQL: SHOW COLUMNS FROM `bit_sale` [ RunTime:0.0053s ]
SQL: SELECT `bsid`,`num`,`add_date`,`add_time`,`email` FROM `bit_sale` WHERE `status` = 2  [ RunTime:0.0006s ]
SQL: SHOW COLUMNS FROM `bit_buy` [ RunTime:0.0073s ]
SQL: SELECT `bsid`,`num`,`add_date`,`add_time`,`email` FROM `bit_buy` WHERE `status` = 2  [ RunTime:0.0100s ]
INFO: [ view_parse ] --START--
INFO: [ template_filter ] --START--
INFO: Run Behavior\ContentReplaceBehavior [ RunTime:0.000179s ]
INFO: [ template_filter ] --END-- [ RunTime:0.000491s ]
NOTIC: [8] Undefined index: ad_date D:\wamp\www\bitett\Coin\Runtime\Cache\Home\993116a0714d3090e5f1128a0bb075a1.php 第 98 行.
NOTIC: [8] Undefined index: ad_date D:\wamp\www\bitett\Coin\Runtime\Cache\Home\993116a0714d3090e5f1128a0bb075a1.php 第 98 行.
NOTIC: [8] Undefined index: ad_date D:\wamp\www\bitett\Coin\Runtime\Cache\Home\993116a0714d3090e5f1128a0bb075a1.php 第 98 行.
NOTIC: [8] Undefined index: ad_date D:\wamp\www\bitett\Coin\Runtime\Cache\Home\993116a0714d3090e5f1128a0bb075a1.php 第 98 行.
INFO: Run Behavior\ParseTemplateBehavior [ RunTime:0.017349s ]
INFO: [ view_parse ] --END-- [ RunTime:0.017469s ]
INFO: [ view_filter ] --START--
INFO: Run Behavior\WriteHtmlCacheBehavior [ RunTime:0.000882s ]
INFO: [ view_filter ] --END-- [ RunTime:0.001132s ]
INFO: [ app_end ] --START--
INFO: Run Behavior\ShowPageTraceBehavior [ RunTime:0.001786s ]
INFO: [ app_end ] --END-- [ RunTime:0.001997s ]

[ 2015-09-23T15:09:21+08:00 ] 127.0.0.1 /
INFO: [ app_init ] --START--
INFO: Run Behavior\BuildLiteBehavior [ RunTime:0.000022s ]
INFO: [ app_init ] --END-- [ RunTime:0.000460s ]
INFO: [ app_begin ] --START--
INFO: Run Behavior\ReadHtmlCacheBehavior [ RunTime:0.001064s ]
INFO: [ app_begin ] --END-- [ RunTime:0.001200s ]
SQL: SHOW COLUMNS FROM `bit_sale` [ RunTime:0.0371s ]
SQL: SELECT `bsid`,`num`,`add_date`,`add_time`,`email` FROM `bit_sale` WHERE `status` = 2  [ RunTime:0.0005s ]
SQL: SHOW COLUMNS FROM `bit_buy` [ RunTime:0.0052s ]
SQL: SELECT `bsid`,`num`,`add_date`,`add_time`,`email` FROM `bit_buy` WHERE `status` = 2  [ RunTime:0.0005s ]
INFO: [ view_parse ] --START--
INFO: [ template_filter ] --START--
INFO: Run Behavior\ContentReplaceBehavior [ RunTime:0.000094s ]
INFO: [ template_filter ] --END-- [ RunTime:0.000208s ]
NOTIC: [8] Undefined index: ad_date D:\wamp\www\bitett\Coin\Runtime\Cache\Home\993116a0714d3090e5f1128a0bb075a1.php 第 98 行.
NOTIC: [8] Undefined index: ad_date D:\wamp\www\bitett\Coin\Runtime\Cache\Home\993116a0714d3090e5f1128a0bb075a1.php 第 98 行.
NOTIC: [8] Undefined index: ad_date D:\wamp\www\bitett\Coin\Runtime\Cache\Home\993116a0714d3090e5f1128a0bb075a1.php 第 98 行.
NOTIC: [8] Undefined index: ad_date D:\wamp\www\bitett\Coin\Runtime\Cache\Home\993116a0714d3090e5f1128a0bb075a1.php 第 98 行.
INFO: Run Behavior\ParseTemplateBehavior [ RunTime:0.010776s ]
INFO: [ view_parse ] --END-- [ RunTime:0.010885s ]
INFO: [ view_filter ] --START--
INFO: Run Behavior\WriteHtmlCacheBehavior [ RunTime:0.000685s ]
INFO: [ view_filter ] --END-- [ RunTime:0.000822s ]
INFO: [ app_end ] --START--
INFO: Run Behavior\ShowPageTraceBehavior [ RunTime:0.000967s ]
INFO: [ app_end ] --END-- [ RunTime:0.001112s ]

[ 2015-09-23T15:09:23+08:00 ] 127.0.0.1 /
INFO: [ app_init ] --START--
INFO: Run Behavior\BuildLiteBehavior [ RunTime:0.000024s ]
INFO: [ app_init ] --END-- [ RunTime:0.000460s ]
INFO: [ app_begin ] --START--
INFO: Run Behavior\ReadHtmlCacheBehavior [ RunTime:0.001451s ]
INFO: [ app_begin ] --END-- [ RunTime:0.001583s ]
SQL: SHOW COLUMNS FROM `bit_sale` [ RunTime:0.0048s ]
SQL: SELECT `bsid`,`num`,`add_date`,`add_time`,`email` FROM `bit_sale` WHERE `status` = 2  [ RunTime:0.0003s ]
SQL: SHOW COLUMNS FROM `bit_buy` [ RunTime:0.0041s ]
SQL: SELECT `bsid`,`num`,`add_date`,`add_time`,`email` FROM `bit_buy` WHERE `status` = 2  [ RunTime:0.0003s ]
INFO: [ view_parse ] --START--
INFO: [ template_filter ] --START--
INFO: Run Behavior\ContentReplaceBehavior [ RunTime:0.000111s ]
INFO: [ template_filter ] --END-- [ RunTime:0.000266s ]
NOTIC: [8] Undefined index: ad_date D:\wamp\www\bitett\Coin\Runtime\Cache\Home\993116a0714d3090e5f1128a0bb075a1.php 第 98 行.
NOTIC: [8] Undefined index: ad_date D:\wamp\www\bitett\Coin\Runtime\Cache\Home\993116a0714d3090e5f1128a0bb075a1.php 第 98 行.
NOTIC: [8] Undefined index: ad_date D:\wamp\www\bitett\Coin\Runtime\Cache\Home\993116a0714d3090e5f1128a0bb075a1.php 第 98 行.
NOTIC: [8] Undefined index: ad_date D:\wamp\www\bitett\Coin\Runtime\Cache\Home\993116a0714d3090e5f1128a0bb075a1.php 第 98 行.
INFO: Run Behavior\ParseTemplateBehavior [ RunTime:0.011385s ]
INFO: [ view_parse ] --END-- [ RunTime:0.011504s ]
INFO: [ view_filter ] --START--
INFO: Run Behavior\WriteHtmlCacheBehavior [ RunTime:0.000406s ]
INFO: [ view_filter ] --END-- [ RunTime:0.000521s ]
INFO: [ app_end ] --START--
INFO: Run Behavior\ShowPageTraceBehavior [ RunTime:0.000825s ]
INFO: [ app_end ] --END-- [ RunTime:0.000951s ]

[ 2015-09-23T15:09:23+08:00 ] 127.0.0.1 /
INFO: [ app_init ] --START--
INFO: Run Behavior\BuildLiteBehavior [ RunTime:0.000029s ]
INFO: [ app_init ] --END-- [ RunTime:0.000640s ]
INFO: [ app_begin ] --START--
INFO: Run Behavior\ReadHtmlCacheBehavior [ RunTime:0.000853s ]
INFO: [ app_begin ] --END-- [ RunTime:0.001030s ]
SQL: SHOW COLUMNS FROM `bit_sale` [ RunTime:0.0051s ]
SQL: SELECT `bsid`,`num`,`add_date`,`add_time`,`email` FROM `bit_sale` WHERE `status` = 2  [ RunTime:0.0009s ]
SQL: SHOW COLUMNS FROM `bit_buy` [ RunTime:0.0051s ]
SQL: SELECT `bsid`,`num`,`add_date`,`add_time`,`email` FROM `bit_buy` WHERE `status` = 2  [ RunTime:0.0004s ]
INFO: [ view_parse ] --START--
INFO: [ template_filter ] --START--
INFO: Run Behavior\ContentReplaceBehavior [ RunTime:0.000140s ]
INFO: [ template_filter ] --END-- [ RunTime:0.000268s ]
NOTIC: [8] Undefined index: ad_date D:\wamp\www\bitett\Coin\Runtime\Cache\Home\993116a0714d3090e5f1128a0bb075a1.php 第 98 行.
NOTIC: [8] Undefined index: ad_date D:\wamp\www\bitett\Coin\Runtime\Cache\Home\993116a0714d3090e5f1128a0bb075a1.php 第 98 行.
NOTIC: [8] Undefined index: ad_date D:\wamp\www\bitett\Coin\Runtime\Cache\Home\993116a0714d3090e5f1128a0bb075a1.php 第 98 行.
NOTIC: [8] Undefined index: ad_date D:\wamp\www\bitett\Coin\Runtime\Cache\Home\993116a0714d3090e5f1128a0bb075a1.php 第 98 行.
INFO: Run Behavior\ParseTemplateBehavior [ RunTime:0.077924s ]
INFO: [ view_parse ] --END-- [ RunTime:0.078074s ]
INFO: [ view_filter ] --START--
INFO: Run Behavior\WriteHtmlCacheBehavior [ RunTime:0.000493s ]
INFO: [ view_filter ] --END-- [ RunTime:0.000602s ]
INFO: [ app_end ] --START--
INFO: Run Behavior\ShowPageTraceBehavior [ RunTime:0.000674s ]
INFO: [ app_end ] --END-- [ RunTime:0.000795s ]

[ 2015-09-23T15:09:23+08:00 ] 127.0.0.1 /
INFO: [ app_init ] --START--
INFO: Run Behavior\BuildLiteBehavior [ RunTime:0.000025s ]
INFO: [ app_init ] --END-- [ RunTime:0.000510s ]
INFO: [ app_begin ] --START--
INFO: Run Behavior\ReadHtmlCacheBehavior [ RunTime:0.000684s ]
INFO: [ app_begin ] --END-- [ RunTime:0.000792s ]
SQL: SHOW COLUMNS FROM `bit_sale` [ RunTime:0.0062s ]
SQL: SELECT `bsid`,`num`,`add_date`,`add_time`,`email` FROM `bit_sale` WHERE `status` = 2  [ RunTime:0.0004s ]
SQL: SHOW COLUMNS FROM `bit_buy` [ RunTime:0.0045s ]
SQL: SELECT `bsid`,`num`,`add_date`,`add_time`,`email` FROM `bit_buy` WHERE `status` = 2  [ RunTime:0.0004s ]
INFO: [ view_parse ] --START--
INFO: [ template_filter ] --START--
INFO: Run Behavior\ContentReplaceBehavior [ RunTime:0.000103s ]
INFO: [ template_filter ] --END-- [ RunTime:0.000222s ]
NOTIC: [8] Undefined index: ad_date D:\wamp\www\bitett\Coin\Runtime\Cache\Home\993116a0714d3090e5f1128a0bb075a1.php 第 98 行.
NOTIC: [8] Undefined index: ad_date D:\wamp\www\bitett\Coin\Runtime\Cache\Home\993116a0714d3090e5f1128a0bb075a1.php 第 98 行.
NOTIC: [8] Undefined index: ad_date D:\wamp\www\bitett\Coin\Runtime\Cache\Home\993116a0714d3090e5f1128a0bb075a1.php 第 98 行.
NOTIC: [8] Undefined index: ad_date D:\wamp\www\bitett\Coin\Runtime\Cache\Home\993116a0714d3090e5f1128a0bb075a1.php 第 98 行.
INFO: Run Behavior\ParseTemplateBehavior [ RunTime:0.011958s ]
INFO: [ view_parse ] --END-- [ RunTime:0.012080s ]
INFO: [ view_filter ] --START--
INFO: Run Behavior\WriteHtmlCacheBehavior [ RunTime:0.000374s ]
INFO: [ view_filter ] --END-- [ RunTime:0.000467s ]
INFO: [ app_end ] --START--
INFO: Run Behavior\ShowPageTraceBehavior [ RunTime:0.000679s ]
INFO: [ app_end ] --END-- [ RunTime:0.000785s ]

[ 2015-09-23T15:09:24+08:00 ] 127.0.0.1 /
INFO: [ app_init ] --START--
INFO: Run Behavior\BuildLiteBehavior [ RunTime:0.000033s ]
INFO: [ app_init ] --END-- [ RunTime:0.001184s ]
INFO: [ app_begin ] --START--
INFO: Run Behavior\ReadHtmlCacheBehavior [ RunTime:0.001000s ]
INFO: [ app_begin ] --END-- [ RunTime:0.001207s ]
SQL: SHOW COLUMNS FROM `bit_sale` [ RunTime:0.0057s ]
SQL: SELECT `bsid`,`num`,`add_date`,`add_time`,`email` FROM `bit_sale` WHERE `status` = 2  [ RunTime:0.0004s ]
SQL: SHOW COLUMNS FROM `bit_buy` [ RunTime:0.0056s ]
SQL: SELECT `bsid`,`num`,`add_date`,`add_time`,`email` FROM `bit_buy` WHERE `status` = 2  [ RunTime:0.0004s ]
INFO: [ view_parse ] --START--
INFO: [ template_filter ] --START--
INFO: Run Behavior\ContentReplaceBehavior [ RunTime:0.000108s ]
INFO: [ template_filter ] --END-- [ RunTime:0.000243s ]
NOTIC: [8] Undefined index: ad_date D:\wamp\www\bitett\Coin\Runtime\Cache\Home\993116a0714d3090e5f1128a0bb075a1.php 第 98 行.
NOTIC: [8] Undefined index: ad_date D:\wamp\www\bitett\Coin\Runtime\Cache\Home\993116a0714d3090e5f1128a0bb075a1.php 第 98 行.
NOTIC: [8] Undefined index: ad_date D:\wamp\www\bitett\Coin\Runtime\Cache\Home\993116a0714d3090e5f1128a0bb075a1.php 第 98 行.
NOTIC: [8] Undefined index: ad_date D:\wamp\www\bitett\Coin\Runtime\Cache\Home\993116a0714d3090e5f1128a0bb075a1.php 第 98 行.
INFO: Run Behavior\ParseTemplateBehavior [ RunTime:0.106073s ]
INFO: [ view_parse ] --END-- [ RunTime:0.106240s ]
INFO: [ view_filter ] --START--
INFO: Run Behavior\WriteHtmlCacheBehavior [ RunTime:0.002124s ]
INFO: [ view_filter ] --END-- [ RunTime:0.002257s ]
INFO: [ app_end ] --START--
INFO: Run Behavior\ShowPageTraceBehavior [ RunTime:0.001658s ]
INFO: [ app_end ] --END-- [ RunTime:0.001786s ]

[ 2015-09-23T15:09:24+08:00 ] 127.0.0.1 /
INFO: [ app_init ] --START--
INFO: Run Behavior\BuildLiteBehavior [ RunTime:0.000033s ]
INFO: [ app_init ] --END-- [ RunTime:0.000760s ]
INFO: [ app_begin ] --START--
INFO: Run Behavior\ReadHtmlCacheBehavior [ RunTime:0.001067s ]
INFO: [ app_begin ] --END-- [ RunTime:0.001197s ]
SQL: SHOW COLUMNS FROM `bit_sale` [ RunTime:0.0045s ]
SQL: SELECT `bsid`,`num`,`add_date`,`add_time`,`email` FROM `bit_sale` WHERE `status` = 2  [ RunTime:0.0004s ]
SQL: SHOW COLUMNS FROM `bit_buy` [ RunTime:0.0043s ]
SQL: SELECT `bsid`,`num`,`add_date`,`add_time`,`email` FROM `bit_buy` WHERE `status` = 2  [ RunTime:0.0003s ]
INFO: [ view_parse ] --START--
INFO: [ template_filter ] --START--
INFO: Run Behavior\ContentReplaceBehavior [ RunTime:0.000096s ]
INFO: [ template_filter ] --END-- [ RunTime:0.000203s ]
NOTIC: [8] Undefined index: ad_date D:\wamp\www\bitett\Coin\Runtime\Cache\Home\993116a0714d3090e5f1128a0bb075a1.php 第 98 行.
NOTIC: [8] Undefined index: ad_date D:\wamp\www\bitett\Coin\Runtime\Cache\Home\993116a0714d3090e5f1128a0bb075a1.php 第 98 行.
NOTIC: [8] Undefined index: ad_date D:\wamp\www\bitett\Coin\Runtime\Cache\Home\993116a0714d3090e5f1128a0bb075a1.php 第 98 行.
NOTIC: [8] Undefined index: ad_date D:\wamp\www\bitett\Coin\Runtime\Cache\Home\993116a0714d3090e5f1128a0bb075a1.php 第 98 行.
INFO: Run Behavior\ParseTemplateBehavior [ RunTime:0.010350s ]
INFO: [ view_parse ] --END-- [ RunTime:0.010448s ]
INFO: [ view_filter ] --START--
INFO: Run Behavior\WriteHtmlCacheBehavior [ RunTime:0.000279s ]
INFO: [ view_filter ] --END-- [ RunTime:0.000368s ]
INFO: [ app_end ] --START--
INFO: Run Behavior\ShowPageTraceBehavior [ RunTime:0.000575s ]
INFO: [ app_end ] --END-- [ RunTime:0.000676s ]

[ 2015-09-23T15:09:24+08:00 ] 127.0.0.1 /
INFO: [ app_init ] --START--
INFO: Run Behavior\BuildLiteBehavior [ RunTime:0.000025s ]
INFO: [ app_init ] --END-- [ RunTime:0.000503s ]
INFO: [ app_begin ] --START--
INFO: Run Behavior\ReadHtmlCacheBehavior [ RunTime:0.000582s ]
INFO: [ app_begin ] --END-- [ RunTime:0.000691s ]
SQL: SHOW COLUMNS FROM `bit_sale` [ RunTime:0.0083s ]
SQL: SELECT `bsid`,`num`,`add_date`,`add_time`,`email` FROM `bit_sale` WHERE `status` = 2  [ RunTime:0.0006s ]
SQL: SHOW COLUMNS FROM `bit_buy` [ RunTime:0.0049s ]
SQL: SELECT `bsid`,`num`,`add_date`,`add_time`,`email` FROM `bit_buy` WHERE `status` = 2  [ RunTime:0.0022s ]
INFO: [ view_parse ] --START--
INFO: [ template_filter ] --START--
INFO: Run Behavior\ContentReplaceBehavior [ RunTime:0.000096s ]
INFO: [ template_filter ] --END-- [ RunTime:0.000211s ]
NOTIC: [8] Undefined index: ad_date D:\wamp\www\bitett\Coin\Runtime\Cache\Home\993116a0714d3090e5f1128a0bb075a1.php 第 98 行.
NOTIC: [8] Undefined index: ad_date D:\wamp\www\bitett\Coin\Runtime\Cache\Home\993116a0714d3090e5f1128a0bb075a1.php 第 98 行.
NOTIC: [8] Undefined index: ad_date D:\wamp\www\bitett\Coin\Runtime\Cache\Home\993116a0714d3090e5f1128a0bb075a1.php 第 98 行.
NOTIC: [8] Undefined index: ad_date D:\wamp\www\bitett\Coin\Runtime\Cache\Home\993116a0714d3090e5f1128a0bb075a1.php 第 98 行.
INFO: Run Behavior\ParseTemplateBehavior [ RunTime:0.010279s ]
INFO: [ view_parse ] --END-- [ RunTime:0.010394s ]
INFO: [ view_filter ] --START--
INFO: Run Behavior\WriteHtmlCacheBehavior [ RunTime:0.000263s ]
INFO: [ view_filter ] --END-- [ RunTime:0.000352s ]
INFO: [ app_end ] --START--
INFO: Run Behavior\ShowPageTraceBehavior [ RunTime:0.000592s ]
INFO: [ app_end ] --END-- [ RunTime:0.000693s ]

[ 2015-09-23T15:17:04+08:00 ] 127.0.0.1 /
INFO: [ app_init ] --START--
INFO: Run Behavior\BuildLiteBehavior [ RunTime:0.000025s ]
INFO: [ app_init ] --END-- [ RunTime:0.000582s ]
INFO: [ app_begin ] --START--
INFO: Run Behavior\ReadHtmlCacheBehavior [ RunTime:0.000698s ]
INFO: [ app_begin ] --END-- [ RunTime:0.000798s ]
SQL: SHOW COLUMNS FROM `bit_sale` [ RunTime:0.0168s ]
SQL: SELECT `bsid`,`num`,`add_date`,`add_time`,`email` FROM `bit_sale` WHERE `status` = 2  [ RunTime:0.0021s ]
SQL: SHOW COLUMNS FROM `bit_buy` [ RunTime:0.0057s ]
SQL: SELECT `bsid`,`num`,`add_date`,`add_time`,`email` FROM `bit_buy` WHERE `status` = 2  [ RunTime:0.0006s ]
INFO: [ view_parse ] --START--
INFO: [ template_filter ] --START--
INFO: Run Behavior\ContentReplaceBehavior [ RunTime:0.001248s ]
INFO: [ template_filter ] --END-- [ RunTime:0.001726s ]
NOTIC: [8] Undefined index: ad_date D:\wamp\www\bitett\Coin\Runtime\Cache\Home\993116a0714d3090e5f1128a0bb075a1.php 第 98 行.
NOTIC: [8] Undefined index: ad_date D:\wamp\www\bitett\Coin\Runtime\Cache\Home\993116a0714d3090e5f1128a0bb075a1.php 第 98 行.
NOTIC: [8] Undefined index: ad_date D:\wamp\www\bitett\Coin\Runtime\Cache\Home\993116a0714d3090e5f1128a0bb075a1.php 第 98 行.
NOTIC: [8] Undefined index: ad_date D:\wamp\www\bitett\Coin\Runtime\Cache\Home\993116a0714d3090e5f1128a0bb075a1.php 第 98 行.
INFO: Run Behavior\ParseTemplateBehavior [ RunTime:0.027827s ]
INFO: [ view_parse ] --END-- [ RunTime:0.027948s ]
INFO: [ view_filter ] --START--
INFO: Run Behavior\WriteHtmlCacheBehavior [ RunTime:0.007925s ]
INFO: [ view_filter ] --END-- [ RunTime:0.008046s ]
INFO: [ app_end ] --START--
INFO: Run Behavior\ShowPageTraceBehavior [ RunTime:0.000713s ]
INFO: [ app_end ] --END-- [ RunTime:0.000825s ]

[ 2015-09-23T15:20:43+08:00 ] 127.0.0.1 /
INFO: [ app_init ] --START--
INFO: Run Behavior\BuildLiteBehavior [ RunTime:0.000160s ]
INFO: [ app_init ] --END-- [ RunTime:0.000945s ]
INFO: [ app_begin ] --START--
INFO: Run Behavior\ReadHtmlCacheBehavior [ RunTime:0.000731s ]
INFO: [ app_begin ] --END-- [ RunTime:0.000895s ]
SQL: SHOW COLUMNS FROM `bit_sale` [ RunTime:0.0088s ]
SQL: SELECT `bsid`,`num`,`add_date`,`add_time`,`email` FROM `bit_sale` WHERE `status` = 2  [ RunTime:0.0010s ]
SQL: SHOW COLUMNS FROM `bit_buy` [ RunTime:0.0151s ]
SQL: SELECT `bsid`,`num`,`add_date`,`add_time`,`email` FROM `bit_buy` WHERE `status` = 2  [ RunTime:0.0006s ]
INFO: [ view_parse ] --START--
INFO: [ template_filter ] --START--
INFO: Run Behavior\ContentReplaceBehavior [ RunTime:0.000104s ]
INFO: [ template_filter ] --END-- [ RunTime:0.000294s ]
NOTIC: [8] Undefined index: ad_date D:\wamp\www\bitett\Coin\Runtime\Cache\Home\993116a0714d3090e5f1128a0bb075a1.php 第 98 行.
NOTIC: [8] Undefined index: ad_date D:\wamp\www\bitett\Coin\Runtime\Cache\Home\993116a0714d3090e5f1128a0bb075a1.php 第 98 行.
NOTIC: [8] Undefined index: ad_date D:\wamp\www\bitett\Coin\Runtime\Cache\Home\993116a0714d3090e5f1128a0bb075a1.php 第 98 行.
NOTIC: [8] Undefined index: ad_date D:\wamp\www\bitett\Coin\Runtime\Cache\Home\993116a0714d3090e5f1128a0bb075a1.php 第 98 行.
INFO: Run Behavior\ParseTemplateBehavior [ RunTime:0.023584s ]
INFO: [ view_parse ] --END-- [ RunTime:0.023698s ]
INFO: [ view_filter ] --START--
INFO: Run Behavior\WriteHtmlCacheBehavior [ RunTime:0.000364s ]
INFO: [ view_filter ] --END-- [ RunTime:0.000448s ]
INFO: [ app_end ] --START--
INFO: Run Behavior\ShowPageTraceBehavior [ RunTime:0.000742s ]
INFO: [ app_end ] --END-- [ RunTime:0.000880s ]

[ 2015-09-23T15:20:44+08:00 ] 127.0.0.1 /Buy/index.html
INFO: [ app_init ] --START--
INFO: Run Behavior\BuildLiteBehavior [ RunTime:0.000031s ]
INFO: [ app_init ] --END-- [ RunTime:0.001157s ]
INFO: [ app_begin ] --START--
INFO: Run Behavior\ReadHtmlCacheBehavior [ RunTime:0.000525s ]
INFO: [ app_begin ] --END-- [ RunTime:0.000634s ]
INFO: [ view_parse ] --START--
INFO: [ template_filter ] --START--
INFO: Run Behavior\ContentReplaceBehavior [ RunTime:0.000089s ]
INFO: [ template_filter ] --END-- [ RunTime:0.000223s ]
INFO: Run Behavior\ParseTemplateBehavior [ RunTime:0.016835s ]
INFO: [ view_parse ] --END-- [ RunTime:0.016970s ]
INFO: [ view_filter ] --START--
INFO: Run Behavior\WriteHtmlCacheBehavior [ RunTime:0.000608s ]
INFO: [ view_filter ] --END-- [ RunTime:0.000740s ]
INFO: [ app_end ] --START--
INFO: Run Behavior\ShowPageTraceBehavior [ RunTime:0.002121s ]
INFO: [ app_end ] --END-- [ RunTime:0.002249s ]

[ 2015-09-23T15:20:45+08:00 ] 127.0.0.1 /Buy/css/total.css
INFO: [ app_init ] --START--
INFO: Run Behavior\BuildLiteBehavior [ RunTime:0.000032s ]
INFO: [ app_init ] --END-- [ RunTime:0.001072s ]
INFO: [ app_begin ] --START--
INFO: Run Behavior\ReadHtmlCacheBehavior [ RunTime:0.000683s ]
INFO: [ app_begin ] --END-- [ RunTime:0.000830s ]
ERR: 非法操作:css

[ 2015-09-23T15:20:45+08:00 ] 127.0.0.1 /Buy/tubiao/demo.css
INFO: [ app_init ] --START--
INFO: Run Behavior\BuildLiteBehavior [ RunTime:0.000026s ]
INFO: [ app_init ] --END-- [ RunTime:0.000473s ]
INFO: [ app_begin ] --START--
INFO: Run Behavior\ReadHtmlCacheBehavior [ RunTime:0.000652s ]
INFO: [ app_begin ] --END-- [ RunTime:0.000761s ]
ERR: 非法操作:tubiao

[ 2015-09-23T15:20:45+08:00 ] 127.0.0.1 /Buy/css/mai.css
INFO: [ app_init ] --START--
INFO: Run Behavior\BuildLiteBehavior [ RunTime:0.000055s ]
INFO: [ app_init ] --END-- [ RunTime:0.000757s ]
INFO: [ app_begin ] --START--
INFO: Run Behavior\ReadHtmlCacheBehavior [ RunTime:0.012814s ]
INFO: [ app_begin ] --END-- [ RunTime:0.013080s ]
ERR: 非法操作:css

[ 2015-09-23T15:20:45+08:00 ] 127.0.0.1 /Buy/tubiao/iconfont.css
INFO: [ app_init ] --START--
INFO: Run Behavior\BuildLiteBehavior [ RunTime:0.000041s ]
INFO: [ app_init ] --END-- [ RunTime:0.001004s ]
INFO: [ app_begin ] --START--
INFO: Run Behavior\ReadHtmlCacheBehavior [ RunTime:0.000857s ]
INFO: [ app_begin ] --END-- [ RunTime:0.002346s ]
ERR: 非法操作:tubiao

[ 2015-09-23T15:20:45+08:00 ] 127.0.0.1 /Buy/js/libs.min.js
INFO: [ app_init ] --START--
INFO: Run Behavior\BuildLiteBehavior [ RunTime:0.000029s ]
INFO: [ app_init ] --END-- [ RunTime:0.012760s ]
INFO: [ app_begin ] --START--
INFO: Run Behavior\ReadHtmlCacheBehavior [ RunTime:0.000904s ]
INFO: [ app_begin ] --END-- [ RunTime:0.001038s ]
ERR: 非法操作:js

[ 2015-09-23T15:20:45+08:00 ] 127.0.0.1 /Buy/js/jquery.min.js
INFO: [ app_init ] --START--
INFO: Run Behavior\BuildLiteBehavior [ RunTime:0.000032s ]
INFO: [ app_init ] --END-- [ RunTime:0.000626s ]
INFO: [ app_begin ] --START--
INFO: Run Behavior\ReadHtmlCacheBehavior [ RunTime:0.001243s ]
INFO: [ app_begin ] --END-- [ RunTime:0.001441s ]
ERR: 非法操作:js

[ 2015-09-23T15:20:45+08:00 ] 127.0.0.1 /Buy/images/yanzhengma.jpg
INFO: [ app_init ] --START--
INFO: Run Behavior\BuildLiteBehavior [ RunTime:0.000053s ]
INFO: [ app_init ] --END-- [ RunTime:0.001195s ]

[ 2015-09-23T15:20:45+08:00 ] 127.0.0.1 /Buy/js/jquery.min.js
INFO: [ app_init ] --START--
INFO: Run Behavior\BuildLiteBehavior [ RunTime:0.000022s ]
INFO: [ app_init ] --END-- [ RunTime:0.000407s ]
INFO: [ app_begin ] --START--
INFO: Run Behavior\ReadHtmlCacheBehavior [ RunTime:0.000501s ]
INFO: [ app_begin ] --END-- [ RunTime:0.000600s ]
ERR: 非法操作:js

[ 2015-09-23T15:20:45+08:00 ] 127.0.0.1 /Buy/js/libs.min.js
INFO: [ app_init ] --START--
INFO: Run Behavior\BuildLiteBehavior [ RunTime:0.000032s ]
INFO: [ app_init ] --END-- [ RunTime:0.000577s ]
INFO: [ app_begin ] --START--
INFO: Run Behavior\ReadHtmlCacheBehavior [ RunTime:0.000905s ]
INFO: [ app_begin ] --END-- [ RunTime:0.001074s ]
ERR: 非法操作:js

[ 2015-09-23T15:20:45+08:00 ] 127.0.0.1 /Buy/images/yanzhengma.jpg
INFO: [ app_init ] --START--
INFO: Run Behavior\BuildLiteBehavior [ RunTime:0.000024s ]
INFO: [ app_init ] --END-- [ RunTime:0.000436s ]

[ 2015-09-23T15:20:48+08:00 ] 127.0.0.1 /Sale/index.html
INFO: [ app_init ] --START--
INFO: Run Behavior\BuildLiteBehavior [ RunTime:0.000023s ]
INFO: [ app_init ] --END-- [ RunTime:0.000431s ]
INFO: [ app_begin ] --START--
INFO: Run Behavior\ReadHtmlCacheBehavior [ RunTime:0.000606s ]
INFO: [ app_begin ] --END-- [ RunTime:0.000721s ]
INFO: [ view_parse ] --START--
INFO: [ template_filter ] --START--
INFO: Run Behavior\ContentReplaceBehavior [ RunTime:0.000124s ]
INFO: [ template_filter ] --END-- [ RunTime:0.000289s ]
INFO: Run Behavior\ParseTemplateBehavior [ RunTime:0.009671s ]
INFO: [ view_parse ] --END-- [ RunTime:0.009851s ]
INFO: [ view_filter ] --START--
INFO: Run Behavior\WriteHtmlCacheBehavior [ RunTime:0.000958s ]
INFO: [ view_filter ] --END-- [ RunTime:0.001106s ]
INFO: [ app_end ] --START--
INFO: Run Behavior\ShowPageTraceBehavior [ RunTime:0.001765s ]
INFO: [ app_end ] --END-- [ RunTime:0.001999s ]

[ 2015-09-23T15:20:49+08:00 ] 127.0.0.1 /Sale/css/total.css
INFO: [ app_init ] --START--
INFO: Run Behavior\BuildLiteBehavior [ RunTime:0.000045s ]
INFO: [ app_init ] --END-- [ RunTime:0.000630s ]
INFO: [ app_begin ] --START--
INFO: Run Behavior\ReadHtmlCacheBehavior [ RunTime:0.000714s ]
INFO: [ app_begin ] --END-- [ RunTime:0.000832s ]
ERR: 非法操作:css

[ 2015-09-23T15:20:49+08:00 ] 127.0.0.1 /Sale/tubiao/demo.css
INFO: [ app_init ] --START--
INFO: Run Behavior\BuildLiteBehavior [ RunTime:0.000027s ]
INFO: [ app_init ] --END-- [ RunTime:0.000563s ]
INFO: [ app_begin ] --START--
INFO: Run Behavior\ReadHtmlCacheBehavior [ RunTime:0.000911s ]
INFO: [ app_begin ] --END-- [ RunTime:0.001102s ]
ERR: 非法操作:tubiao

[ 2015-09-23T15:20:49+08:00 ] 127.0.0.1 /Sale/js/jquery.min.js
INFO: [ app_init ] --START--
INFO: Run Behavior\BuildLiteBehavior [ RunTime:0.000037s ]
INFO: [ app_init ] --END-- [ RunTime:0.000629s ]
INFO: [ app_begin ] --START--
INFO: Run Behavior\ReadHtmlCacheBehavior [ RunTime:0.001306s ]
INFO: [ app_begin ] --END-- [ RunTime:0.001429s ]
ERR: 非法操作:js

[ 2015-09-23T15:20:49+08:00 ] 127.0.0.1 /Sale/js/libs.min.js
INFO: [ app_init ] --START--
INFO: Run Behavior\BuildLiteBehavior [ RunTime:0.000024s ]
INFO: [ app_init ] --END-- [ RunTime:0.000557s ]
INFO: [ app_begin ] --START--
INFO: Run Behavior\ReadHtmlCacheBehavior [ RunTime:0.000515s ]
INFO: [ app_begin ] --END-- [ RunTime:0.000615s ]
ERR: 非法操作:js

[ 2015-09-23T15:20:49+08:00 ] 127.0.0.1 /Sale/css/mai.css
INFO: [ app_init ] --START--
INFO: Run Behavior\BuildLiteBehavior [ RunTime:0.000034s ]
INFO: [ app_init ] --END-- [ RunTime:0.000762s ]
INFO: [ app_begin ] --START--
INFO: Run Behavior\ReadHtmlCacheBehavior [ RunTime:0.000634s ]
INFO: [ app_begin ] --END-- [ RunTime:0.000824s ]
ERR: 非法操作:css

[ 2015-09-23T15:20:49+08:00 ] 127.0.0.1 /Sale/tubiao/iconfont.css
INFO: [ app_init ] --START--
INFO: Run Behavior\BuildLiteBehavior [ RunTime:0.000028s ]
INFO: [ app_init ] --END-- [ RunTime:0.000868s ]
INFO: [ app_begin ] --START--
INFO: Run Behavior\ReadHtmlCacheBehavior [ RunTime:0.000907s ]
INFO: [ app_begin ] --END-- [ RunTime:0.001100s ]
ERR: 非法操作:tubiao

[ 2015-09-23T15:20:49+08:00 ] 127.0.0.1 /Sale/images/yanzhengma.jpg
INFO: [ app_init ] --START--
INFO: Run Behavior\BuildLiteBehavior [ RunTime:0.000026s ]
INFO: [ app_init ] --END-- [ RunTime:0.000482s ]

[ 2015-09-23T15:20:49+08:00 ] 127.0.0.1 /Sale/js/jquery.min.js
INFO: [ app_init ] --START--
INFO: Run Behavior\BuildLiteBehavior [ RunTime:0.000026s ]
INFO: [ app_init ] --END-- [ RunTime:0.000944s ]
INFO: [ app_begin ] --START--
INFO: Run Behavior\ReadHtmlCacheBehavior [ RunTime:0.000514s ]
INFO: [ app_begin ] --END-- [ RunTime:0.000623s ]
ERR: 非法操作:js

[ 2015-09-23T15:20:49+08:00 ] 127.0.0.1 /Sale/js/libs.min.js
INFO: [ app_init ] --START--
INFO: Run Behavior\BuildLiteBehavior [ RunTime:0.000023s ]
INFO: [ app_init ] --END-- [ RunTime:0.000506s ]
INFO: [ app_begin ] --START--
INFO: Run Behavior\ReadHtmlCacheBehavior [ RunTime:0.001597s ]
INFO: [ app_begin ] --END-- [ RunTime:0.001737s ]
ERR: 非法操作:js

[ 2015-09-23T15:20:49+08:00 ] 127.0.0.1 /Sale/images/yanzhengma.jpg
INFO: [ app_init ] --START--
INFO: Run Behavior\BuildLiteBehavior [ RunTime:0.000025s ]
INFO: [ app_init ] --END-- [ RunTime:0.000486s ]

[ 2015-09-23T15:49:41+08:00 ] 127.0.0.1 /
INFO: [ app_init ] --START--
INFO: Run Behavior\BuildLiteBehavior [ RunTime:0.000437s ]
INFO: [ app_init ] --END-- [ RunTime:0.001529s ]
INFO: [ app_begin ] --START--
INFO: Run Behavior\ReadHtmlCacheBehavior [ RunTime:0.003418s ]
INFO: [ app_begin ] --END-- [ RunTime:0.003731s ]
SQL: SHOW COLUMNS FROM `bit_sale` [ RunTime:0.0122s ]
SQL: SELECT `bsid`,`num`,`add_date`,`add_time`,`email` FROM `bit_sale` WHERE `status` = 2  [ RunTime:0.0258s ]
SQL: SHOW COLUMNS FROM `bit_buy` [ RunTime:0.0100s ]
SQL: SELECT `bsid`,`num`,`add_date`,`add_time`,`email` FROM `bit_buy` WHERE `status` = 2  [ RunTime:0.0004s ]
INFO: [ view_parse ] --START--
INFO: [ template_filter ] --START--
INFO: Run Behavior\ContentReplaceBehavior [ RunTime:0.000103s ]
INFO: [ template_filter ] --END-- [ RunTime:0.000236s ]
NOTIC: [8] Undefined index: ad_date D:\wamp\www\bitett\Coin\Runtime\Cache\Home\993116a0714d3090e5f1128a0bb075a1.php 第 98 行.
NOTIC: [8] Undefined index: ad_date D:\wamp\www\bitett\Coin\Runtime\Cache\Home\993116a0714d3090e5f1128a0bb075a1.php 第 98 行.
NOTIC: [8] Undefined index: ad_date D:\wamp\www\bitett\Coin\Runtime\Cache\Home\993116a0714d3090e5f1128a0bb075a1.php 第 98 行.
NOTIC: [8] Undefined index: ad_date D:\wamp\www\bitett\Coin\Runtime\Cache\Home\993116a0714d3090e5f1128a0bb075a1.php 第 98 行.
INFO: Run Behavior\ParseTemplateBehavior [ RunTime:0.042938s ]
INFO: [ view_parse ] --END-- [ RunTime:0.043054s ]
INFO: [ view_filter ] --START--
INFO: Run Behavior\WriteHtmlCacheBehavior [ RunTime:0.000387s ]
INFO: [ view_filter ] --END-- [ RunTime:0.000493s ]
INFO: [ app_end ] --START--
INFO: Run Behavior\ShowPageTraceBehavior [ RunTime:0.000655s ]
INFO: [ app_end ] --END-- [ RunTime:0.000777s ]

[ 2015-09-23T15:49:42+08:00 ] 127.0.0.1 /Buy/index.html
INFO: [ app_init ] --START--
INFO: Run Behavior\BuildLiteBehavior [ RunTime:0.000026s ]
INFO: [ app_init ] --END-- [ RunTime:0.000566s ]
INFO: [ app_begin ] --START--
INFO: Run Behavior\ReadHtmlCacheBehavior [ RunTime:0.000825s ]
INFO: [ app_begin ] --END-- [ RunTime:0.000950s ]
INFO: [ view_parse ] --START--
INFO: [ template_filter ] --START--
INFO: Run Behavior\ContentReplaceBehavior [ RunTime:0.000110s ]
INFO: [ template_filter ] --END-- [ RunTime:0.000312s ]
INFO: Run Behavior\ParseTemplateBehavior [ RunTime:0.011170s ]
INFO: [ view_parse ] --END-- [ RunTime:0.011364s ]
INFO: [ view_filter ] --START--
INFO: Run Behavior\WriteHtmlCacheBehavior [ RunTime:0.000974s ]
INFO: [ view_filter ] --END-- [ RunTime:0.001129s ]
INFO: [ app_end ] --START--
INFO: Run Behavior\ShowPageTraceBehavior [ RunTime:0.000985s ]
INFO: [ app_end ] --END-- [ RunTime:0.001106s ]

[ 2015-09-23T15:49:44+08:00 ] 127.0.0.1 /Buy/maichu.htm
INFO: [ app_init ] --START--
INFO: Run Behavior\BuildLiteBehavior [ RunTime:0.000034s ]
INFO: [ app_init ] --END-- [ RunTime:0.001643s ]
INFO: [ app_begin ] --START--
INFO: Run Behavior\ReadHtmlCacheBehavior [ RunTime:0.000684s ]
INFO: [ app_begin ] --END-- [ RunTime:0.000853s ]
ERR: 非法操作:maichu.htm

[ 2015-09-23T15:49:53+08:00 ] 127.0.0.1 /Sale/index.html
INFO: [ app_init ] --START--
INFO: Run Behavior\BuildLiteBehavior [ RunTime:0.000035s ]
INFO: [ app_init ] --END-- [ RunTime:0.000726s ]
INFO: [ app_begin ] --START--
INFO: Run Behavior\ReadHtmlCacheBehavior [ RunTime:0.005668s ]
INFO: [ app_begin ] --END-- [ RunTime:0.005899s ]
INFO: [ view_parse ] --START--
INFO: [ template_filter ] --START--
INFO: Run Behavior\ContentReplaceBehavior [ RunTime:0.000168s ]
INFO: [ template_filter ] --END-- [ RunTime:0.000369s ]
INFO: Run Behavior\ParseTemplateBehavior [ RunTime:0.014282s ]
INFO: [ view_parse ] --END-- [ RunTime:0.014457s ]
INFO: [ view_filter ] --START--
INFO: Run Behavior\WriteHtmlCacheBehavior [ RunTime:0.000426s ]
INFO: [ view_filter ] --END-- [ RunTime:0.000559s ]
INFO: [ app_end ] --START--
INFO: Run Behavior\ShowPageTraceBehavior [ RunTime:0.001127s ]
INFO: [ app_end ] --END-- [ RunTime:0.001267s ]

[ 2015-09-23T15:56:55+08:00 ] 127.0.0.1 /
INFO: [ app_init ] --START--
INFO: Run Behavior\BuildLiteBehavior [ RunTime:0.000030s ]
INFO: [ app_init ] --END-- [ RunTime:0.001504s ]
INFO: [ app_begin ] --START--
INFO: Run Behavior\ReadHtmlCacheBehavior [ RunTime:0.000753s ]
INFO: [ app_begin ] --END-- [ RunTime:0.000888s ]
SQL: SHOW COLUMNS FROM `bit_sale` [ RunTime:0.0963s ]
SQL: SELECT `bsid`,`num`,`add_date`,`add_time`,`email` FROM `bit_sale` WHERE `status` = 2  [ RunTime:0.0050s ]
SQL: SHOW COLUMNS FROM `bit_buy` [ RunTime:0.0287s ]
SQL: SELECT `bsid`,`num`,`add_date`,`add_time`,`email` FROM `bit_buy` WHERE `status` = 2  [ RunTime:0.0004s ]
INFO: [ view_parse ] --START--
INFO: [ template_filter ] --START--
INFO: Run Behavior\ContentReplaceBehavior [ RunTime:0.000120s ]
INFO: [ template_filter ] --END-- [ RunTime:0.000337s ]
NOTIC: [8] Undefined index: ad_date D:\wamp\www\bitett\Coin\Runtime\Cache\Home\993116a0714d3090e5f1128a0bb075a1.php 第 98 行.
NOTIC: [8] Undefined index: ad_date D:\wamp\www\bitett\Coin\Runtime\Cache\Home\993116a0714d3090e5f1128a0bb075a1.php 第 98 行.
NOTIC: [8] Undefined index: ad_date D:\wamp\www\bitett\Coin\Runtime\Cache\Home\993116a0714d3090e5f1128a0bb075a1.php 第 98 行.
NOTIC: [8] Undefined index: ad_date D:\wamp\www\bitett\Coin\Runtime\Cache\Home\993116a0714d3090e5f1128a0bb075a1.php 第 98 行.
INFO: Run Behavior\ParseTemplateBehavior [ RunTime:0.043233s ]
INFO: [ view_parse ] --END-- [ RunTime:0.043347s ]
INFO: [ view_filter ] --START--
INFO: Run Behavior\WriteHtmlCacheBehavior [ RunTime:0.000363s ]
INFO: [ view_filter ] --END-- [ RunTime:0.000454s ]
INFO: [ app_end ] --START--
INFO: Run Behavior\ShowPageTraceBehavior [ RunTime:0.000718s ]
INFO: [ app_end ] --END-- [ RunTime:0.000826s ]

[ 2015-09-23T15:56:59+08:00 ] 127.0.0.1 /
INFO: [ app_init ] --START--
INFO: Run Behavior\BuildLiteBehavior [ RunTime:0.000023s ]
INFO: [ app_init ] --END-- [ RunTime:0.000485s ]
INFO: [ app_begin ] --START--
INFO: Run Behavior\ReadHtmlCacheBehavior [ RunTime:0.000697s ]
INFO: [ app_begin ] --END-- [ RunTime:0.000824s ]
SQL: SHOW COLUMNS FROM `bit_sale` [ RunTime:0.0097s ]
SQL: SELECT `bsid`,`num`,`add_date`,`add_time`,`email` FROM `bit_sale` WHERE `status` = 2  [ RunTime:0.0018s ]
SQL: SHOW COLUMNS FROM `bit_buy` [ RunTime:0.0053s ]
SQL: SELECT `bsid`,`num`,`add_date`,`add_time`,`email` FROM `bit_buy` WHERE `status` = 2  [ RunTime:0.0005s ]
INFO: [ view_parse ] --START--
INFO: [ template_filter ] --START--
INFO: Run Behavior\ContentReplaceBehavior [ RunTime:0.000207s ]
INFO: [ template_filter ] --END-- [ RunTime:0.000537s ]
NOTIC: [8] Undefined index: ad_date D:\wamp\www\bitett\Coin\Runtime\Cache\Home\993116a0714d3090e5f1128a0bb075a1.php 第 98 行.
NOTIC: [8] Undefined index: ad_date D:\wamp\www\bitett\Coin\Runtime\Cache\Home\993116a0714d3090e5f1128a0bb075a1.php 第 98 行.
NOTIC: [8] Undefined index: ad_date D:\wamp\www\bitett\Coin\Runtime\Cache\Home\993116a0714d3090e5f1128a0bb075a1.php 第 98 行.
NOTIC: [8] Undefined index: ad_date D:\wamp\www\bitett\Coin\Runtime\Cache\Home\993116a0714d3090e5f1128a0bb075a1.php 第 98 行.
INFO: Run Behavior\ParseTemplateBehavior [ RunTime:0.014232s ]
INFO: [ view_parse ] --END-- [ RunTime:0.014392s ]
INFO: [ view_filter ] --START--
INFO: Run Behavior\WriteHtmlCacheBehavior [ RunTime:0.000981s ]
INFO: [ view_filter ] --END-- [ RunTime:0.001166s ]
INFO: [ app_end ] --START--
INFO: Run Behavior\ShowPageTraceBehavior [ RunTime:0.001519s ]
INFO: [ app_end ] --END-- [ RunTime:0.001678s ]

[ 2015-09-23T15:57:13+08:00 ] 127.0.0.1 /
INFO: [ app_init ] --START--
INFO: Run Behavior\BuildLiteBehavior [ RunTime:0.000027s ]
INFO: [ app_init ] --END-- [ RunTime:0.000519s ]
INFO: [ app_begin ] --START--
INFO: Run Behavior\ReadHtmlCacheBehavior [ RunTime:0.001582s ]
INFO: [ app_begin ] --END-- [ RunTime:0.001726s ]
SQL: SHOW COLUMNS FROM `bit_sale` [ RunTime:0.0311s ]
SQL: SELECT `bsid`,`num`,`add_date`,`add_time`,`email` FROM `bit_sale` WHERE `status` = 2  [ RunTime:0.0009s ]
SQL: SHOW COLUMNS FROM `bit_buy` [ RunTime:0.0074s ]
SQL: SELECT `bsid`,`num`,`add_date`,`add_time`,`email` FROM `bit_buy` WHERE `status` = 2  [ RunTime:0.0004s ]
INFO: [ view_parse ] --START--
INFO: [ template_filter ] --START--
INFO: Run Behavior\ContentReplaceBehavior [ RunTime:0.000097s ]
INFO: [ template_filter ] --END-- [ RunTime:0.000230s ]
NOTIC: [8] Undefined index: ad_date D:\wamp\www\bitett\Coin\Runtime\Cache\Home\993116a0714d3090e5f1128a0bb075a1.php 第 98 行.
NOTIC: [8] Undefined index: ad_date D:\wamp\www\bitett\Coin\Runtime\Cache\Home\993116a0714d3090e5f1128a0bb075a1.php 第 98 行.
NOTIC: [8] Undefined index: ad_date D:\wamp\www\bitett\Coin\Runtime\Cache\Home\993116a0714d3090e5f1128a0bb075a1.php 第 98 行.
NOTIC: [8] Undefined index: ad_date D:\wamp\www\bitett\Coin\Runtime\Cache\Home\993116a0714d3090e5f1128a0bb075a1.php 第 98 行.
NOTIC: [8] Undefined index: ad_date D:\wamp\www\bitett\Coin\Runtime\Cache\Home\993116a0714d3090e5f1128a0bb075a1.php 第 98 行.
NOTIC: [8] Undefined index: ad_date D:\wamp\www\bitett\Coin\Runtime\Cache\Home\993116a0714d3090e5f1128a0bb075a1.php 第 98 行.
NOTIC: [8] Undefined index: ad_date D:\wamp\www\bitett\Coin\Runtime\Cache\Home\993116a0714d3090e5f1128a0bb075a1.php 第 98 行.
NOTIC: [8] Undefined index: ad_date D:\wamp\www\bitett\Coin\Runtime\Cache\Home\993116a0714d3090e5f1128a0bb075a1.php 第 98 行.
NOTIC: [8] Undefined index: ad_date D:\wamp\www\bitett\Coin\Runtime\Cache\Home\993116a0714d3090e5f1128a0bb075a1.php 第 98 行.
INFO: Run Behavior\ParseTemplateBehavior [ RunTime:0.011714s ]
INFO: [ view_parse ] --END-- [ RunTime:0.011828s ]
INFO: [ view_filter ] --START--
INFO: Run Behavior\WriteHtmlCacheBehavior [ RunTime:0.000307s ]
INFO: [ view_filter ] --END-- [ RunTime:0.000404s ]
INFO: [ app_end ] --START--
INFO: Run Behavior\ShowPageTraceBehavior [ RunTime:0.000605s ]
INFO: [ app_end ] --END-- [ RunTime:0.000714s ]

[ 2015-09-23T15:58:03+08:00 ] 127.0.0.1 /
INFO: [ app_init ] --START--
INFO: Run Behavior\BuildLiteBehavior [ RunTime:0.000324s ]
INFO: [ app_init ] --END-- [ RunTime:0.000817s ]
INFO: [ app_begin ] --START--
INFO: Run Behavior\ReadHtmlCacheBehavior [ RunTime:0.000765s ]
INFO: [ app_begin ] --END-- [ RunTime:0.000902s ]
SQL: SHOW COLUMNS FROM `bit_sale` [ RunTime:0.0303s ]
SQL: SELECT `bsid`,`num`,`add_date`,`add_time`,`email` FROM `bit_sale` WHERE `status` = 2  [ RunTime:0.0017s ]
SQL: SHOW COLUMNS FROM `bit_buy` [ RunTime:0.0110s ]
SQL: SELECT `bsid`,`num`,`add_date`,`add_time`,`email` FROM `bit_buy` WHERE `status` = 2  [ RunTime:0.0029s ]
INFO: [ view_parse ] --START--
INFO: [ template_filter ] --START--
INFO: Run Behavior\ContentReplaceBehavior [ RunTime:0.000143s ]
INFO: [ template_filter ] --END-- [ RunTime:0.000376s ]
NOTIC: [8] Undefined index: ad_date D:\wamp\www\bitett\Coin\Runtime\Cache\Home\993116a0714d3090e5f1128a0bb075a1.php 第 98 行.
NOTIC: [8] Undefined index: ad_date D:\wamp\www\bitett\Coin\Runtime\Cache\Home\993116a0714d3090e5f1128a0bb075a1.php 第 98 行.
NOTIC: [8] Undefined index: ad_date D:\wamp\www\bitett\Coin\Runtime\Cache\Home\993116a0714d3090e5f1128a0bb075a1.php 第 98 行.
NOTIC: [8] Undefined index: ad_date D:\wamp\www\bitett\Coin\Runtime\Cache\Home\993116a0714d3090e5f1128a0bb075a1.php 第 98 行.
NOTIC: [8] Undefined index: ad_date D:\wamp\www\bitett\Coin\Runtime\Cache\Home\993116a0714d3090e5f1128a0bb075a1.php 第 98 行.
NOTIC: [8] Undefined index: ad_date D:\wamp\www\bitett\Coin\Runtime\Cache\Home\993116a0714d3090e5f1128a0bb075a1.php 第 98 行.
NOTIC: [8] Undefined index: ad_date D:\wamp\www\bitett\Coin\Runtime\Cache\Home\993116a0714d3090e5f1128a0bb075a1.php 第 98 行.
NOTIC: [8] Undefined index: ad_date D:\wamp\www\bitett\Coin\Runtime\Cache\Home\993116a0714d3090e5f1128a0bb075a1.php 第 98 行.
NOTIC: [8] Undefined index: ad_date D:\wamp\www\bitett\Coin\Runtime\Cache\Home\993116a0714d3090e5f1128a0bb075a1.php 第 98 行.
NOTIC: [8] Undefined index: ad_date D:\wamp\www\bitett\Coin\Runtime\Cache\Home\993116a0714d3090e5f1128a0bb075a1.php 第 98 行.
INFO: Run Behavior\ParseTemplateBehavior [ RunTime:0.034691s ]
INFO: [ view_parse ] --END-- [ RunTime:0.034887s ]
INFO: [ view_filter ] --START--
INFO: Run Behavior\WriteHtmlCacheBehavior [ RunTime:0.000968s ]
INFO: [ view_filter ] --END-- [ RunTime:0.001317s ]
INFO: [ app_end ] --START--
INFO: Run Behavior\ShowPageTraceBehavior [ RunTime:0.001196s ]
INFO: [ app_end ] --END-- [ RunTime:0.001896s ]

[ 2015-09-23T15:58:56+08:00 ] 127.0.0.1 /
INFO: [ app_init ] --START--
INFO: Run Behavior\BuildLiteBehavior [ RunTime:0.000034s ]
INFO: [ app_init ] --END-- [ RunTime:0.000812s ]
INFO: [ app_begin ] --START--
INFO: Run Behavior\ReadHtmlCacheBehavior [ RunTime:0.001562s ]
INFO: [ app_begin ] --END-- [ RunTime:0.001703s ]
SQL: SHOW COLUMNS FROM `bit_sale` [ RunTime:0.0147s ]
SQL: SELECT `bsid`,`num`,`add_date`,`add_time`,`email` FROM `bit_sale` WHERE `status` = 2  [ RunTime:0.0005s ]
SQL: SHOW COLUMNS FROM `bit_buy` [ RunTime:0.0177s ]
SQL: SELECT `bsid`,`num`,`add_date`,`add_time`,`email` FROM `bit_buy` WHERE `status` = 2  [ RunTime:0.0005s ]
INFO: [ view_parse ] --START--
INFO: [ template_filter ] --START--
INFO: Run Behavior\ContentReplaceBehavior [ RunTime:0.000118s ]
INFO: [ template_filter ] --END-- [ RunTime:0.000264s ]
NOTIC: [8] Undefined index: ad_date D:\wamp\www\bitett\Coin\Runtime\Cache\Home\993116a0714d3090e5f1128a0bb075a1.php 第 98 行.
NOTIC: [8] Undefined index: ad_date D:\wamp\www\bitett\Coin\Runtime\Cache\Home\993116a0714d3090e5f1128a0bb075a1.php 第 98 行.
NOTIC: [8] Undefined index: ad_date D:\wamp\www\bitett\Coin\Runtime\Cache\Home\993116a0714d3090e5f1128a0bb075a1.php 第 98 行.
NOTIC: [8] Undefined index: ad_date D:\wamp\www\bitett\Coin\Runtime\Cache\Home\993116a0714d3090e5f1128a0bb075a1.php 第 98 行.
NOTIC: [8] Undefined index: ad_date D:\wamp\www\bitett\Coin\Runtime\Cache\Home\993116a0714d3090e5f1128a0bb075a1.php 第 98 行.
NOTIC: [8] Undefined index: ad_date D:\wamp\www\bitett\Coin\Runtime\Cache\Home\993116a0714d3090e5f1128a0bb075a1.php 第 98 行.
NOTIC: [8] Undefined index: ad_date D:\wamp\www\bitett\Coin\Runtime\Cache\Home\993116a0714d3090e5f1128a0bb075a1.php 第 98 行.
NOTIC: [8] Undefined index: ad_date D:\wamp\www\bitett\Coin\Runtime\Cache\Home\993116a0714d3090e5f1128a0bb075a1.php 第 98 行.
NOTIC: [8] Undefined index: ad_date D:\wamp\www\bitett\Coin\Runtime\Cache\Home\993116a0714d3090e5f1128a0bb075a1.php 第 98 行.
NOTIC: [8] Undefined index: ad_date D:\wamp\www\bitett\Coin\Runtime\Cache\Home\993116a0714d3090e5f1128a0bb075a1.php 第 98 行.
NOTIC: [8] Undefined index: ad_date D:\wamp\www\bitett\Coin\Runtime\Cache\Home\993116a0714d3090e5f1128a0bb075a1.php 第 98 行.
NOTIC: [8] Undefined index: ad_date D:\wamp\www\bitett\Coin\Runtime\Cache\Home\993116a0714d3090e5f1128a0bb075a1.php 第 98 行.
NOTIC: [8] Undefined index: ad_date D:\wamp\www\bitett\Coin\Runtime\Cache\Home\993116a0714d3090e5f1128a0bb075a1.php 第 98 行.
INFO: Run Behavior\ParseTemplateBehavior [ RunTime:0.026782s ]
INFO: [ view_parse ] --END-- [ RunTime:0.027025s ]
INFO: [ view_filter ] --START--
INFO: Run Behavior\WriteHtmlCacheBehavior [ RunTime:0.000439s ]
INFO: [ view_filter ] --END-- [ RunTime:0.000543s ]
INFO: [ app_end ] --START--
INFO: Run Behavior\ShowPageTraceBehavior [ RunTime:0.000681s ]
INFO: [ app_end ] --END-- [ RunTime:0.000793s ]

[ 2015-09-23T16:07:23+08:00 ] 127.0.0.1 /Buy/index.html
INFO: [ app_init ] --START--
INFO: Run Behavior\BuildLiteBehavior [ RunTime:0.000030s ]
INFO: [ app_init ] --END-- [ RunTime:0.000537s ]
INFO: [ app_begin ] --START--
INFO: Run Behavior\ReadHtmlCacheBehavior [ RunTime:0.000645s ]
INFO: [ app_begin ] --END-- [ RunTime:0.000778s ]
INFO: [ view_parse ] --START--
INFO: [ template_filter ] --START--
INFO: Run Behavior\ContentReplaceBehavior [ RunTime:0.000184s ]
INFO: [ template_filter ] --END-- [ RunTime:0.000448s ]
INFO: Run Behavior\ParseTemplateBehavior [ RunTime:0.039656s ]
INFO: [ view_parse ] --END-- [ RunTime:0.039942s ]
INFO: [ view_filter ] --START--
INFO: Run Behavior\WriteHtmlCacheBehavior [ RunTime:0.000922s ]
INFO: [ view_filter ] --END-- [ RunTime:0.001095s ]
INFO: [ app_end ] --START--
INFO: Run Behavior\ShowPageTraceBehavior [ RunTime:0.001724s ]
INFO: [ app_end ] --END-- [ RunTime:0.002571s ]

